Using pre-set license
Built from '6000.1/staging' branch; Version is '6000.1.1f1 (7197418f847b) revision 7444289'; Using compiler version '194234433'; Build Type 'Release'
OS: 'Windows 11  (10.0.27858) 64bit Core' Language: 'en' Physical Memory: 8102 MB
BatchMode: 1, IsHumanControllingUs: 0, StartBugReporterOnCrash: 0, Is64bit: 1, IsPro: 1
Date: 2025-05-22T06:11:27Z

COMMAND LINE ARGUMENTS:
C:\Program Files\Unity\Hub\Editor\6000.1.1f1\Editor\Unity.exe
-adb2
-batchMode
-noUpm
-name
AssetImportWorker2
-projectPath
C:/Users/james/OneDrive/Desktop/My Games/Monster_Town!
-logFile
Logs/AssetImportWorker2.log
-srvPort
50103
-job-worker-count
5
-background-job-worker-count
8
-gc-helper-count
1
-name
AssetImport
Successfully changed project path to: C:/Users/james/OneDrive/Desktop/My Games/Monster_Town!
C:/Users/james/OneDrive/Desktop/My Games/Monster_Town!
[UnityMemory] Configuration Parameters - Can be set up in boot.config
    "memorysetup-allocator-temp-initial-block-size-main=262144"
    "memorysetup-allocator-temp-initial-block-size-worker=262144"
    "memorysetup-bucket-allocator-granularity=16"
    "memorysetup-bucket-allocator-bucket-count=8"
    "memorysetup-bucket-allocator-block-size=33554432"
    "memorysetup-bucket-allocator-block-count=8"
    "memorysetup-main-allocator-block-size=16777216"
    "memorysetup-thread-allocator-block-size=16777216"
    "memorysetup-gfx-main-allocator-block-size=16777216"
    "memorysetup-gfx-thread-allocator-block-size=16777216"
    "memorysetup-cache-allocator-block-size=4194304"
    "memorysetup-typetree-allocator-block-size=2097152"
    "memorysetup-profiler-bucket-allocator-granularity=16"
    "memorysetup-profiler-bucket-allocator-bucket-count=8"
    "memorysetup-profiler-bucket-allocator-block-size=33554432"
    "memorysetup-profiler-bucket-allocator-block-count=8"
    "memorysetup-profiler-allocator-block-size=16777216"
    "memorysetup-profiler-editor-allocator-block-size=1048576"
    "memorysetup-temp-allocator-size-main=16777216"
    "memorysetup-job-temp-allocator-block-size=2097152"
    "memorysetup-job-temp-allocator-block-size-background=1048576"
    "memorysetup-job-temp-allocator-reduction-small-platforms=262144"
    "memorysetup-temp-allocator-size-background-worker=32768"
    "memorysetup-temp-allocator-size-job-worker=262144"
    "memorysetup-temp-allocator-size-preload-manager=33554432"
    "memorysetup-temp-allocator-size-nav-mesh-worker=65536"
    "memorysetup-temp-allocator-size-audio-worker=65536"
    "memorysetup-temp-allocator-size-cloud-worker=32768"
    "memorysetup-temp-allocator-size-gi-baking-worker=262144"
    "memorysetup-temp-allocator-size-gi-baking-worker=262144"
    "memorysetup-temp-allocator-size-gi-baking-worker=262144"
    "memorysetup-temp-allocator-size-gi-baking-worker=262144"
    "memorysetup-temp-allocator-size-gi-baking-worker=262144"
    "memorysetup-temp-allocator-size-gfx=262144"
Player connection [1144]  Target information:

Player connection [1144]  * "[IP] 192.168.0.24 [Port] 0 [Flags] 2 [Guid] 908981662 [EditorId] 908981662 [Version] 1048832 [Id] WindowsEditor(7,LAPTOP-DC3VDT48) [Debug] 1 [PackageName] WindowsEditor [ProjectName] Editor" 

Player connection [1144] Host joined multi-casting on [225.0.0.222:54997]...
Player connection [1144] Host joined alternative multi-casting on [225.0.0.222:34997]...
JobSystem: Creating JobQueue using job-worker-count value 5
Input System module state changed to: Initialized.
[Physics::Module] Initialized fallback backend.
[Physics::Module] Id: 0xdecafbad
Library Redirect Path: Library/
[Physics::Module] Selected backend.
[Physics::Module] Name: PhysX
[Physics::Module] Id: 0xf2b8ea05
[Physics::Module] SDK Version: 4.1.2
[Physics::Module] Integration Version: 1.0.0
[Physics::Module] Threading Mode: Multi-Threaded
Refreshing native plugins compatible for Editor in 1.76 ms, found 2 plugins.
Preloading 0 native plugins for Editor in 0.00 ms.
Initialize engine version: 6000.1.1f1 (7197418f847b)
[Subsystems] Discovering subsystems at path C:/Program Files/Unity/Hub/Editor/6000.1.1f1/Editor/Data/Resources/UnitySubsystems
[Subsystems] Discovering subsystems at path C:/Users/james/OneDrive/Desktop/My Games/Monster_Town!/Assets
GfxDevice: creating device client; kGfxThreadingModeNonThreaded
Direct3D:
    Version:  Direct3D 11.0 [level 11.1]
    Renderer: NVIDIA GeForce GTX 1650 (ID=0x1f91)
    Vendor:   NVIDIA
    VRAM:     3949 MB
    Driver:   31.0.15.3699
Initialize mono
Mono path[0] = 'C:/Program Files/Unity/Hub/Editor/6000.1.1f1/Editor/Data/Managed'
Mono path[1] = 'C:/Program Files/Unity/Hub/Editor/6000.1.1f1/Editor/Data/MonoBleedingEdge/lib/mono/unityjit-win32'
Mono config path = 'C:/Program Files/Unity/Hub/Editor/6000.1.1f1/Editor/Data/MonoBleedingEdge/etc'
Using monoOptions --debugger-agent=transport=dt_socket,embedding=1,server=y,suspend=n,address=127.0.0.1:56520
Begin MonoManager ReloadAssembly
Registering precompiled unity dll's ...
Register platform support module: C:/Program Files/Unity/Hub/Editor/6000.1.1f1/Editor/Data/PlaybackEngines/WebGLSupport/UnityEditor.WebGL.Extensions.dll
Register platform support module: C:/Program Files/Unity/Hub/Editor/6000.1.1f1/Editor/Data/PlaybackEngines/MacStandaloneSupport/UnityEditor.OSXStandalone.Extensions.dll
Register platform support module: C:/Program Files/Unity/Hub/Editor/6000.1.1f1/Editor/Data/PlaybackEngines/WindowsStandaloneSupport/UnityEditor.WindowsStandalone.Extensions.dll
Register platform support module: C:/Program Files/Unity/Hub/Editor/6000.1.1f1/Editor/Data/PlaybackEngines/MetroSupport/UnityEditor.UWP.Extensions.dll
Register platform support module: C:/Program Files/Unity/Hub/Editor/6000.1.1f1/Editor/Data/PlaybackEngines/LinuxStandaloneSupport/UnityEditor.LinuxStandalone.Extensions.dll
Registered in 0.006520 seconds.
- Loaded All Assemblies, in  0.514 seconds
Native extension for LinuxStandalone target not found
Native extension for UWP target not found
Native extension for WindowsStandalone target not found
Native extension for OSXStandalone target not found
Native extension for WebGL target not found
Mono: successfully reloaded assembly
- Finished resetting the current domain, in  0.460 seconds
Domain Reload Profiling: 969ms
	BeginReloadAssembly (178ms)
		ExecutionOrderSort (0ms)
		DisableScriptedObjects (0ms)
		BackupInstance (0ms)
		ReleaseScriptingObjects (0ms)
		CreateAndSetChildDomain (1ms)
	RebuildCommonClasses (46ms)
	RebuildNativeTypeToScriptingClass (14ms)
	initialDomainReloadingComplete (66ms)
	LoadAllAssembliesAndSetupDomain (204ms)
		LoadAssemblies (173ms)
		RebuildTransferFunctionScriptingTraits (0ms)
		AnalyzeDomain (199ms)
			TypeCache.Refresh (197ms)
				TypeCache.ScanAssembly (181ms)
			BuildScriptInfoCaches (0ms)
			ResolveRequiredComponents (1ms)
	FinalizeReload (460ms)
		ReleaseScriptCaches (0ms)
		RebuildScriptCaches (0ms)
		SetupLoadedEditorAssemblies (414ms)
			LogAssemblyErrors (0ms)
			InitializePlatformSupportModulesInManaged (115ms)
			SetLoadedEditorAssemblies (5ms)
			BeforeProcessingInitializeOnLoad (87ms)
			ProcessInitializeOnLoadAttributes (143ms)
			ProcessInitializeOnLoadMethodAttributes (64ms)
			AfterProcessingInitializeOnLoad (0ms)
			EditorAssembliesLoaded (0ms)
		ExecutionOrderSort2 (0ms)
		AwakeInstancesAfterBackupRestoration (0ms)
========================================================================
Worker process is ready to serve import requests
Import Worker Mode flag is 0x00
Begin MonoManager ReloadAssembly
- Loaded All Assemblies, in  0.783 seconds
Script 'CharacterController' has the same name as built-in Unity component.
AddComponent and GetComponent will not work with this script.
Refreshing native plugins compatible for Editor in 1.15 ms, found 2 plugins.
Native extension for LinuxStandalone target not found
Native extension for UWP target not found
Native extension for WindowsStandalone target not found
Native extension for OSXStandalone target not found
Native extension for WebGL target not found
Mono: successfully reloaded assembly
- Finished resetting the current domain, in  0.647 seconds
Domain Reload Profiling: 1423ms
	BeginReloadAssembly (206ms)
		ExecutionOrderSort (0ms)
		DisableScriptedObjects (7ms)
		BackupInstance (0ms)
		ReleaseScriptingObjects (0ms)
		CreateAndSetChildDomain (31ms)
	RebuildCommonClasses (42ms)
	RebuildNativeTypeToScriptingClass (14ms)
	initialDomainReloadingComplete (48ms)
	LoadAllAssembliesAndSetupDomain (466ms)
		LoadAssemblies (455ms)
		RebuildTransferFunctionScriptingTraits (0ms)
		AnalyzeDomain (136ms)
			TypeCache.Refresh (105ms)
				TypeCache.ScanAssembly (91ms)
			BuildScriptInfoCaches (22ms)
			ResolveRequiredComponents (6ms)
	FinalizeReload (648ms)
		ReleaseScriptCaches (0ms)
		RebuildScriptCaches (0ms)
		SetupLoadedEditorAssemblies (530ms)
			LogAssemblyErrors (0ms)
			InitializePlatformSupportModulesInManaged (17ms)
			SetLoadedEditorAssemblies (5ms)
			BeforeProcessingInitializeOnLoad (124ms)
			ProcessInitializeOnLoadAttributes (333ms)
			ProcessInitializeOnLoadMethodAttributes (40ms)
			AfterProcessingInitializeOnLoad (11ms)
			EditorAssembliesLoaded (0ms)
		ExecutionOrderSort2 (0ms)
		AwakeInstancesAfterBackupRestoration (10ms)
WARNING: Shader Unsupported: 'Toon/Lit Outline' - All subshaders removed
WARNING: Shader Did you use #pragma only_renderers and omit this platform?
WARNING: Shader If subshaders removal was intentional, you may have forgotten turning Fallback off?
WARNING: Shader Unsupported: 'Toon/Lit Outline' - All subshaders removed
WARNING: Shader Did you use #pragma only_renderers and omit this platform?
WARNING: Shader If subshaders removal was intentional, you may have forgotten turning Fallback off?
WARNING: Shader Unsupported: 'Toon/Basic Outline' - All subshaders removed
WARNING: Shader Did you use #pragma only_renderers and omit this platform?
WARNING: Shader If subshaders removal was intentional, you may have forgotten turning Fallback off?
WARNING: Shader Unsupported: 'Toon/Basic Outline' - All subshaders removed
WARNING: Shader Did you use #pragma only_renderers and omit this platform?
WARNING: Shader If subshaders removal was intentional, you may have forgotten turning Fallback off?
Launched and connected shader compiler UnityShaderCompiler.exe after 0.02 seconds
Refreshing native plugins compatible for Editor in 2.02 ms, found 2 plugins.
Preloading 0 native plugins for Editor in 0.00 ms.
Unloading 44 Unused Serialized files (Serialized files now loaded: 0)
Unloading 2525 unused Assets / (1.2 MB). Loaded Objects now: 3096.
Memory consumption went from 100.8 MB to 99.6 MB.
Total: 18.663700 ms (FindLiveObjects: 1.179700 ms CreateObjectMapping: 0.871600 ms MarkObjects: 14.141300 ms  DeleteObjects: 2.468700 ms)

========================================================================
Received Import Request.
  Time since last request: 4838.336152 seconds.
  path: Assets/Art/TileSets/Gui_parts/Hp_frame.png
  artifactKey: Guid(9d5f6625b0b035841a1153f7e5466a94) Importer(815301076,1909f56bfc062723c751e8b465ee728b)
Start importing Assets/Art/TileSets/Gui_parts/Hp_frame.png using Guid(9d5f6625b0b035841a1153f7e5466a94) Importer(815301076,1909f56bfc062723c751e8b465ee728b) (PreviewImporter) -> (artifact id: 'c43952f4f13a356b50b0cd5125d2f277') in 0.1475297 seconds
Number of updated asset objects reloaded before import = 0Number of asset objects unloaded after import = 3

========================================================================
Received Import Request.
  Time since last request: 1.664239 seconds.
  path: Assets/Art/Sprites/Interiors/interior_inn.jpg
  artifactKey: Guid(26a52573b222ff54e9ff2c21e358c0d7) Importer(815301076,1909f56bfc062723c751e8b465ee728b)
Start importing Assets/Art/Sprites/Interiors/interior_inn.jpg using Guid(26a52573b222ff54e9ff2c21e358c0d7) Importer(815301076,1909f56bfc062723c751e8b465ee728b) (PreviewImporter) -> (artifact id: '8e7ce877a8cfdb60c6a9fa13ab92d9b4') in 0.0352243 seconds
Number of updated asset objects reloaded before import = 0Number of asset objects unloaded after import = 3

========================================================================
Received Import Request.
  Time since last request: 0.023778 seconds.
  path: Assets/Art/TileSets/Pixel Art Icon Pack - RPG/Texture/Equipment/Iron Helmet.png
  artifactKey: Guid(b227c6c1c35b36940b602110d9556b13) Importer(815301076,1909f56bfc062723c751e8b465ee728b)
Start importing Assets/Art/TileSets/Pixel Art Icon Pack - RPG/Texture/Equipment/Iron Helmet.png using Guid(b227c6c1c35b36940b602110d9556b13) Importer(815301076,1909f56bfc062723c751e8b465ee728b) (PreviewImporter) -> (artifact id: '0c34eb4bc5478f6236427b6218d75e44') in 0.0244355 seconds
Number of updated asset objects reloaded before import = 0Number of asset objects unloaded after import = 3

========================================================================
Received Import Request.
  Time since last request: 0.819350 seconds.
  path: Assets/Art/TileSets/Pixel Art Icon Pack - RPG/Texture/Misc/Iron Key.png
  artifactKey: Guid(e30e7f1121c83ed469e6242c11d18e05) Importer(815301076,1909f56bfc062723c751e8b465ee728b)
Start importing Assets/Art/TileSets/Pixel Art Icon Pack - RPG/Texture/Misc/Iron Key.png using Guid(e30e7f1121c83ed469e6242c11d18e05) Importer(815301076,1909f56bfc062723c751e8b465ee728b) (PreviewImporter) -> (artifact id: 'd0b0743bd2704c8f4cfb53b76f5c60e4') in 0.0192127 seconds
Number of updated asset objects reloaded before import = 0Number of asset objects unloaded after import = 3

========================================================================
Received Import Request.
  Time since last request: 0.005485 seconds.
  path: Assets/Art/TileSets/Pixel Art Icon Pack - RPG/Texture/Weapon & Tool/Knife.png
  artifactKey: Guid(38d5dde8fb892364296297a3a5c97a20) Importer(815301076,1909f56bfc062723c751e8b465ee728b)
Start importing Assets/Art/TileSets/Pixel Art Icon Pack - RPG/Texture/Weapon & Tool/Knife.png using Guid(38d5dde8fb892364296297a3a5c97a20) Importer(815301076,1909f56bfc062723c751e8b465ee728b) (PreviewImporter) -> (artifact id: '177f349fb1dbb3dfc35821e69215ebcc') in 0.0190996 seconds
Number of updated asset objects reloaded before import = 0Number of asset objects unloaded after import = 3

========================================================================
Received Import Request.
  Time since last request: 0.018326 seconds.
  path: Assets/Art/TileSets/Pixel Art Icon Pack - RPG/Texture/Misc/Lantern.png
  artifactKey: Guid(5780c0f7daa138f46823eb60d93b7cc6) Importer(815301076,1909f56bfc062723c751e8b465ee728b)
Start importing Assets/Art/TileSets/Pixel Art Icon Pack - RPG/Texture/Misc/Lantern.png using Guid(5780c0f7daa138f46823eb60d93b7cc6) Importer(815301076,1909f56bfc062723c751e8b465ee728b) (PreviewImporter) -> (artifact id: 'c1aaada7e2db51800cd97e7c2c3fb7ec') in 0.018903 seconds
Number of updated asset objects reloaded before import = 0Number of asset objects unloaded after import = 3

========================================================================
Received Import Request.
  Time since last request: 0.004878 seconds.
  path: Assets/Art/TileSets/Pixel Art Icon Pack - RPG/Texture/Equipment/Leather Boot.png
  artifactKey: Guid(29a1226f7b5e20240942612e151c3c4c) Importer(815301076,1909f56bfc062723c751e8b465ee728b)
Start importing Assets/Art/TileSets/Pixel Art Icon Pack - RPG/Texture/Equipment/Leather Boot.png using Guid(29a1226f7b5e20240942612e151c3c4c) Importer(815301076,1909f56bfc062723c751e8b465ee728b) (PreviewImporter) -> (artifact id: '92b0796dbae7f5a578915dc23a6094f9') in 0.0224308 seconds
Number of updated asset objects reloaded before import = 0Number of asset objects unloaded after import = 3

========================================================================
Received Import Request.
  Time since last request: 0.021287 seconds.
  path: Assets/Art/TileSets/Gui_parts/lil_roundbackground.png
  artifactKey: Guid(ed5c91c32b9b0af4e851c25c03211f16) Importer(815301076,1909f56bfc062723c751e8b465ee728b)
Start importing Assets/Art/TileSets/Gui_parts/lil_roundbackground.png using Guid(ed5c91c32b9b0af4e851c25c03211f16) Importer(815301076,1909f56bfc062723c751e8b465ee728b) (PreviewImporter) -> (artifact id: '256411e62bbe3eefb4d6d2e4791c4919') in 0.0203544 seconds
Number of updated asset objects reloaded before import = 0Number of asset objects unloaded after import = 3

========================================================================
Received Import Request.
  Time since last request: 0.013566 seconds.
  path: Assets/Art/TileSets/Gui_parts/lil_roundframe.png
  artifactKey: Guid(6188bc46fa818364281557e9bdc0e382) Importer(815301076,1909f56bfc062723c751e8b465ee728b)
Start importing Assets/Art/TileSets/Gui_parts/lil_roundframe.png using Guid(6188bc46fa818364281557e9bdc0e382) Importer(815301076,1909f56bfc062723c751e8b465ee728b) (PreviewImporter) -> (artifact id: 'bc9505fc1027ad2656673e0ada44b8d5') in 0.0180402 seconds
Number of updated asset objects reloaded before import = 0Number of asset objects unloaded after import = 3

========================================================================
Received Import Request.
  Time since last request: 0.004851 seconds.
  path: Assets/SampleScenes/Menu/Sprites/LogoUnitySprite.png
  artifactKey: Guid(7d6d5225d5a2b40e3959b66d13b6e29c) Importer(815301076,1909f56bfc062723c751e8b465ee728b)
Start importing Assets/SampleScenes/Menu/Sprites/LogoUnitySprite.png using Guid(7d6d5225d5a2b40e3959b66d13b6e29c) Importer(815301076,1909f56bfc062723c751e8b465ee728b) (PreviewImporter) -> (artifact id: '8076ce2693e1968c010a946833054e73') in 0.0228961 seconds
Number of updated asset objects reloaded before import = 0Number of asset objects unloaded after import = 3

========================================================================
Received Import Request.
  Time since last request: 0.000018 seconds.
  path: Assets/Art/TileSets/RPGW_AncientForest/MainLev.png
  artifactKey: Guid(fd11cf9b81c1979438d237078c15d0e3) Importer(815301076,1909f56bfc062723c751e8b465ee728b)
Start importing Assets/Art/TileSets/RPGW_AncientForest/MainLev.png using Guid(fd11cf9b81c1979438d237078c15d0e3) Importer(815301076,1909f56bfc062723c751e8b465ee728b) (PreviewImporter) -> (artifact id: '57e4dc9dce6bc1048ae7eeca93b3a701') in 0.0655468 seconds
Number of updated asset objects reloaded before import = 0Number of asset objects unloaded after import = 3

========================================================================
Received Import Request.
  Time since last request: 10.293652 seconds.
  path: Assets/Art/TileSets/Pixel Art Icon Pack - RPG/Texture/Ore & Gem/Cut Topaz.png
  artifactKey: Guid(ff4e2a40a0a91494a873149252b1aaaf) Importer(815301076,1909f56bfc062723c751e8b465ee728b)
Start importing Assets/Art/TileSets/Pixel Art Icon Pack - RPG/Texture/Ore & Gem/Cut Topaz.png using Guid(ff4e2a40a0a91494a873149252b1aaaf) Importer(815301076,1909f56bfc062723c751e8b465ee728b) (PreviewImporter) -> (artifact id: 'c4f1044a6f818021a2fa43399d9b8bf6') in 0.0218781 seconds
Number of updated asset objects reloaded before import = 0Number of asset objects unloaded after import = 3

========================================================================
Received Import Request.
  Time since last request: 0.005534 seconds.
  path: Assets/Art/TileSets/Pixel Art Icon Pack - RPG/Texture/Equipment/Wizard Hat.png
  artifactKey: Guid(b28311bcbf17b47458fddc96553ce9c8) Importer(815301076,1909f56bfc062723c751e8b465ee728b)
Start importing Assets/Art/TileSets/Pixel Art Icon Pack - RPG/Texture/Equipment/Wizard Hat.png using Guid(b28311bcbf17b47458fddc96553ce9c8) Importer(815301076,1909f56bfc062723c751e8b465ee728b) (PreviewImporter) -> (artifact id: 'd52a3f2d6c29b5bc7f70505c4d020221') in 0.0284912 seconds
Number of updated asset objects reloaded before import = 0Number of asset objects unloaded after import = 3

========================================================================
Received Import Request.
  Time since last request: 2.032393 seconds.
  path: Assets/Art/Sprites/Monsters/192-1929045_monster-sprite-sheet-png.png
  artifactKey: Guid(25b88e4a84da54e389df2a5fd41054ee) Importer(815301076,1909f56bfc062723c751e8b465ee728b)
Start importing Assets/Art/Sprites/Monsters/192-1929045_monster-sprite-sheet-png.png using Guid(25b88e4a84da54e389df2a5fd41054ee) Importer(815301076,1909f56bfc062723c751e8b465ee728b) (PreviewImporter) -> (artifact id: '444d24eadcd332deb7eb676366907e9e') in 0.0932849 seconds
Number of updated asset objects reloaded before import = 0Number of asset objects unloaded after import = 15

========================================================================
Received Import Request.
  Time since last request: 0.000017 seconds.
  path: Assets/Standard Assets/2D/Sprites/BackgroundNavyGridSprite.png
  artifactKey: Guid(1d0c184845252df44a655359de388cb8) Importer(815301076,1909f56bfc062723c751e8b465ee728b)
Start importing Assets/Standard Assets/2D/Sprites/BackgroundNavyGridSprite.png using Guid(1d0c184845252df44a655359de388cb8) Importer(815301076,1909f56bfc062723c751e8b465ee728b) (PreviewImporter) -> (artifact id: 'cf687bf969ad06625c57c18ed73281a9') in 0.0253993 seconds
Number of updated asset objects reloaded before import = 0Number of asset objects unloaded after import = 3

========================================================================
Received Import Request.
  Time since last request: 0.000022 seconds.
  path: Assets/Art/TileSets/Pixel Art Icon Pack - RPG/Texture/Food/Beer.png
  artifactKey: Guid(d0c05b9125ed56349a5385e1a77547b7) Importer(815301076,1909f56bfc062723c751e8b465ee728b)
Start importing Assets/Art/TileSets/Pixel Art Icon Pack - RPG/Texture/Food/Beer.png using Guid(d0c05b9125ed56349a5385e1a77547b7) Importer(815301076,1909f56bfc062723c751e8b465ee728b) (PreviewImporter) -> (artifact id: '977e719fd3156409589d7234950e2ffb') in 0.0397104 seconds
Number of updated asset objects reloaded before import = 0Number of asset objects unloaded after import = 3

========================================================================
Received Import Request.
  Time since last request: 0.000027 seconds.
  path: Assets/Art/TileSets/Pixel Art Icon Pack - RPG/Texture/Equipment/Belt.png
  artifactKey: Guid(6858a15e5082cf34b9ee3167e90403d3) Importer(815301076,1909f56bfc062723c751e8b465ee728b)
Start importing Assets/Art/TileSets/Pixel Art Icon Pack - RPG/Texture/Equipment/Belt.png using Guid(6858a15e5082cf34b9ee3167e90403d3) Importer(815301076,1909f56bfc062723c751e8b465ee728b) (PreviewImporter) -> (artifact id: '2357d2b5dbdbef2d705bb248ede702f7') in 0.026721 seconds
Number of updated asset objects reloaded before import = 0Number of asset objects unloaded after import = 3

========================================================================
Received Import Request.
  Time since last request: 0.000046 seconds.
  path: Assets/Art/TileSets/Gui_parts/big_roundframe.png
  artifactKey: Guid(6403afd719acd2b4dbb0dfae7add33cb) Importer(815301076,1909f56bfc062723c751e8b465ee728b)
Start importing Assets/Art/TileSets/Gui_parts/big_roundframe.png using Guid(6403afd719acd2b4dbb0dfae7add33cb) Importer(815301076,1909f56bfc062723c751e8b465ee728b) (PreviewImporter) -> (artifact id: '75f500e4e7daf367bffef2a88adfe9d0') in 0.0263881 seconds
Number of updated asset objects reloaded before import = 0Number of asset objects unloaded after import = 3

========================================================================
Received Import Request.
  Time since last request: 0.000022 seconds.
  path: Assets/Art/TileSets/Pixel Art Icon Pack - RPG/Texture/Potion/Blue Potion.png
  artifactKey: Guid(b7f77607c82ea4142a2070c0e37e1756) Importer(815301076,1909f56bfc062723c751e8b465ee728b)
Start importing Assets/Art/TileSets/Pixel Art Icon Pack - RPG/Texture/Potion/Blue Potion.png using Guid(b7f77607c82ea4142a2070c0e37e1756) Importer(815301076,1909f56bfc062723c751e8b465ee728b) (PreviewImporter) -> (artifact id: 'f15854e5bf2f4a2f673f5c2be7047abb') in 0.0291718 seconds
Number of updated asset objects reloaded before import = 0Number of asset objects unloaded after import = 3

========================================================================
Received Import Request.
  Time since last request: 0.000033 seconds.
  path: Assets/Art/TileSets/Gui_parts/big_background.png
  artifactKey: Guid(4edbc5539b441f049966c07e2ba12186) Importer(815301076,1909f56bfc062723c751e8b465ee728b)
Start importing Assets/Art/TileSets/Gui_parts/big_background.png using Guid(4edbc5539b441f049966c07e2ba12186) Importer(815301076,1909f56bfc062723c751e8b465ee728b) (PreviewImporter) -> (artifact id: '590d0c6f190e315e6979295e5255f6ab') in 0.0636343 seconds
Number of updated asset objects reloaded before import = 0Number of asset objects unloaded after import = 3

========================================================================
Received Import Request.
  Time since last request: 1.083676 seconds.
  path: Assets/SampleScenes/Menu/Sprites/MenuCornerTopRightSprite.png
  artifactKey: Guid(2b592d40fd47980478920e3ed65b0985) Importer(815301076,1909f56bfc062723c751e8b465ee728b)
Start importing Assets/SampleScenes/Menu/Sprites/MenuCornerTopRightSprite.png using Guid(2b592d40fd47980478920e3ed65b0985) Importer(815301076,1909f56bfc062723c751e8b465ee728b) (PreviewImporter) -> (artifact id: 'aeb51bd793d1611f6976fa48be370bd8') in 0.0247066 seconds
Number of updated asset objects reloaded before import = 0Number of asset objects unloaded after import = 3

========================================================================
Received Import Request.
  Time since last request: 3.317123 seconds.
  path: Assets/Samples/2D Animation/4.2.4/Samples/1 Simple/Sprites/Boris.png
  artifactKey: Guid(5258496a2625b4729b9f47415dcf6055) Importer(815301076,1909f56bfc062723c751e8b465ee728b)
Start importing Assets/Samples/2D Animation/4.2.4/Samples/1 Simple/Sprites/Boris.png using Guid(5258496a2625b4729b9f47415dcf6055) Importer(815301076,1909f56bfc062723c751e8b465ee728b) (PreviewImporter) -> (artifact id: '6ca9e6b9b51fc0f48075ab6e56546d38') in 0.1478838 seconds
Number of updated asset objects reloaded before import = 0Number of asset objects unloaded after import = 3

========================================================================
Received Import Request.
  Time since last request: 0.007871 seconds.
  path: Assets/Art/TileSets/Tiny RPG Forest/Artwork/Environment/sliced-objects/bush-tall.png
  artifactKey: Guid(aa94c6da14ecf4a8690f02549a9ac6a7) Importer(815301076,1909f56bfc062723c751e8b465ee728b)
Start importing Assets/Art/TileSets/Tiny RPG Forest/Artwork/Environment/sliced-objects/bush-tall.png using Guid(aa94c6da14ecf4a8690f02549a9ac6a7) Importer(815301076,1909f56bfc062723c751e8b465ee728b) (PreviewImporter) -> (artifact id: 'd6b2d2a38714bdc563186c15f67e6c1a') in 0.0255458 seconds
Number of updated asset objects reloaded before import = 0Number of asset objects unloaded after import = 3

========================================================================
Received Import Request.
  Time since last request: 0.037801 seconds.
  path: Assets/Art/StoneUI/Buttons_512x512/Moss_Blue/button_moss_blue2.png
  artifactKey: Guid(114a45193ee1ee14b96d45c97ac2e784) Importer(815301076,1909f56bfc062723c751e8b465ee728b)
Start importing Assets/Art/StoneUI/Buttons_512x512/Moss_Blue/button_moss_blue2.png using Guid(114a45193ee1ee14b96d45c97ac2e784) Importer(815301076,1909f56bfc062723c751e8b465ee728b) (PreviewImporter) -> (artifact id: '5c4c295fcc7c04816953e434c2afa6f3') in 0.0236021 seconds
Number of updated asset objects reloaded before import = 0Number of asset objects unloaded after import = 3

========================================================================
Received Import Request.
  Time since last request: 0.004048 seconds.
  path: Assets/Art/StoneUI/Buttons_512x512/Moss_Blue/button_moss_blue5.png
  artifactKey: Guid(348a9ad30d5c48b4eab896d1a7cd320b) Importer(815301076,1909f56bfc062723c751e8b465ee728b)
Start importing Assets/Art/StoneUI/Buttons_512x512/Moss_Blue/button_moss_blue5.png using Guid(348a9ad30d5c48b4eab896d1a7cd320b) Importer(815301076,1909f56bfc062723c751e8b465ee728b) (PreviewImporter) -> (artifact id: '500efb12156f74f698a66176976a6f96') in 0.0226806 seconds
Number of updated asset objects reloaded before import = 0Number of asset objects unloaded after import = 3

========================================================================
Received Import Request.
  Time since last request: 0.005676 seconds.
  path: Assets/Art/StoneUI/Buttons_512x512/Moss_Blue/button_moss_blue7.png
  artifactKey: Guid(8a6330648fa06c9408c7a3bb2d0cb8f3) Importer(815301076,1909f56bfc062723c751e8b465ee728b)
Start importing Assets/Art/StoneUI/Buttons_512x512/Moss_Blue/button_moss_blue7.png using Guid(8a6330648fa06c9408c7a3bb2d0cb8f3) Importer(815301076,1909f56bfc062723c751e8b465ee728b) (PreviewImporter) -> (artifact id: '8b43b3f32d038c282d1beffb2a7d1534') in 0.0311316 seconds
Number of updated asset objects reloaded before import = 0Number of asset objects unloaded after import = 3

========================================================================
Received Import Request.
  Time since last request: 0.000100 seconds.
  path: Assets/Art/StoneUI/Buttons_512x512/Moss_Blue/button_moss_blue10.png
  artifactKey: Guid(66aa200b8da6572489e5c907616dec2e) Importer(815301076,1909f56bfc062723c751e8b465ee728b)
Start importing Assets/Art/StoneUI/Buttons_512x512/Moss_Blue/button_moss_blue10.png using Guid(66aa200b8da6572489e5c907616dec2e) Importer(815301076,1909f56bfc062723c751e8b465ee728b) (PreviewImporter) -> (artifact id: 'fb603245ea7c3f1409c8f19fb1ae7d73') in 0.0235622 seconds
Number of updated asset objects reloaded before import = 0Number of asset objects unloaded after import = 3

========================================================================
Received Import Request.
  Time since last request: 0.004064 seconds.
  path: Assets/Art/StoneUI/Buttons_512x512/Moss_Blue/button_moss_blue13.png
  artifactKey: Guid(569a923c2528f534094780108913bc3e) Importer(815301076,1909f56bfc062723c751e8b465ee728b)
Start importing Assets/Art/StoneUI/Buttons_512x512/Moss_Blue/button_moss_blue13.png using Guid(569a923c2528f534094780108913bc3e) Importer(815301076,1909f56bfc062723c751e8b465ee728b) (PreviewImporter) -> (artifact id: 'fd215db58e20fdfeb892323c804de7fe') in 0.0311682 seconds
Number of updated asset objects reloaded before import = 0Number of asset objects unloaded after import = 3

========================================================================
Received Import Request.
  Time since last request: 0.005077 seconds.
  path: Assets/Art/StoneUI/Buttons_512x512/Moss_Blue/button_moss_blue16.png
  artifactKey: Guid(7023617ce2263cc488d16688087d4a4e) Importer(815301076,1909f56bfc062723c751e8b465ee728b)
Start importing Assets/Art/StoneUI/Buttons_512x512/Moss_Blue/button_moss_blue16.png using Guid(7023617ce2263cc488d16688087d4a4e) Importer(815301076,1909f56bfc062723c751e8b465ee728b) (PreviewImporter) -> (artifact id: '459efb825e38c494e7fccc5fce75be21') in 0.0231717 seconds
Number of updated asset objects reloaded before import = 0Number of asset objects unloaded after import = 3

========================================================================
Received Import Request.
  Time since last request: 0.007336 seconds.
  path: Assets/Art/StoneUI/Buttons_512x512/Moss_Blue/button_moss_blue19.png
  artifactKey: Guid(f87b2bcbeed82f543bc67731234ce119) Importer(815301076,1909f56bfc062723c751e8b465ee728b)
Start importing Assets/Art/StoneUI/Buttons_512x512/Moss_Blue/button_moss_blue19.png using Guid(f87b2bcbeed82f543bc67731234ce119) Importer(815301076,1909f56bfc062723c751e8b465ee728b) (PreviewImporter) -> (artifact id: '85cf6690c2e64cb5a40a0e14925c8f34') in 0.0237794 seconds
Number of updated asset objects reloaded before import = 0Number of asset objects unloaded after import = 3

========================================================================
Received Import Request.
  Time since last request: 0.006305 seconds.
  path: Assets/Art/StoneUI/Buttons_512x512/Moss_Blue/button_moss_blue22.png
  artifactKey: Guid(21c70c75e46735b49afc9e656eb84684) Importer(815301076,1909f56bfc062723c751e8b465ee728b)
Start importing Assets/Art/StoneUI/Buttons_512x512/Moss_Blue/button_moss_blue22.png using Guid(21c70c75e46735b49afc9e656eb84684) Importer(815301076,1909f56bfc062723c751e8b465ee728b) (PreviewImporter) -> (artifact id: '4f2da3f9696fee93c9be4d48f5004d70') in 0.0240114 seconds
Number of updated asset objects reloaded before import = 0Number of asset objects unloaded after import = 3

========================================================================
Received Import Request.
  Time since last request: 0.005173 seconds.
  path: Assets/Art/StoneUI/Buttons_512x512/Moss_Blue/button_moss_blue25.png
  artifactKey: Guid(de0ad07a9ba50a044a0afb14bc5d1d1c) Importer(815301076,1909f56bfc062723c751e8b465ee728b)
Start importing Assets/Art/StoneUI/Buttons_512x512/Moss_Blue/button_moss_blue25.png using Guid(de0ad07a9ba50a044a0afb14bc5d1d1c) Importer(815301076,1909f56bfc062723c751e8b465ee728b) (PreviewImporter) -> (artifact id: '4749ae2069f76c0dcf6ac93a07f144a9') in 0.0364811 seconds
Number of updated asset objects reloaded before import = 0Number of asset objects unloaded after import = 3

========================================================================
Received Import Request.
  Time since last request: 0.000268 seconds.
  path: Assets/Art/StoneUI/Buttons_512x512/Moss_Blue/button_moss_blue28.png
  artifactKey: Guid(562c2c8640f30c84aaa7b5356217826e) Importer(815301076,1909f56bfc062723c751e8b465ee728b)
Start importing Assets/Art/StoneUI/Buttons_512x512/Moss_Blue/button_moss_blue28.png using Guid(562c2c8640f30c84aaa7b5356217826e) Importer(815301076,1909f56bfc062723c751e8b465ee728b) (PreviewImporter) -> (artifact id: 'f4ca15bf33e44e3d75b9250e5c5ed305') in 0.0207388 seconds
Number of updated asset objects reloaded before import = 0Number of asset objects unloaded after import = 3

========================================================================
Received Import Request.
  Time since last request: 0.000051 seconds.
  path: Assets/Art/StoneUI/Buttons_512x512/Moss_Blue/button_moss_blue30.png
  artifactKey: Guid(fabbfd43697eb7544bd4ea9f58b36776) Importer(815301076,1909f56bfc062723c751e8b465ee728b)
Start importing Assets/Art/StoneUI/Buttons_512x512/Moss_Blue/button_moss_blue30.png using Guid(fabbfd43697eb7544bd4ea9f58b36776) Importer(815301076,1909f56bfc062723c751e8b465ee728b) (PreviewImporter) -> (artifact id: '0c5a2b6d61e85799896caebc7bd78dc6') in 0.0243202 seconds
Number of updated asset objects reloaded before import = 0Number of asset objects unloaded after import = 3

========================================================================
Received Import Request.
  Time since last request: 0.000213 seconds.
  path: Assets/Art/StoneUI/Buttons_512x512/Moss_Blue/button_moss_blue33.png
  artifactKey: Guid(0ad19475630f9dc43ad0cedd042a0a6d) Importer(815301076,1909f56bfc062723c751e8b465ee728b)
Start importing Assets/Art/StoneUI/Buttons_512x512/Moss_Blue/button_moss_blue33.png using Guid(0ad19475630f9dc43ad0cedd042a0a6d) Importer(815301076,1909f56bfc062723c751e8b465ee728b) (PreviewImporter) -> (artifact id: '440fa24b70936305f916e92228506d7c') in 0.0221861 seconds
Number of updated asset objects reloaded before import = 0Number of asset objects unloaded after import = 3

========================================================================
Received Import Request.
  Time since last request: 0.004978 seconds.
  path: Assets/Art/StoneUI/Buttons_512x512/Moss_Blue/button_moss_blue36.png
  artifactKey: Guid(3962398881cb4f7408530b6e0ea9fe5a) Importer(815301076,1909f56bfc062723c751e8b465ee728b)
Start importing Assets/Art/StoneUI/Buttons_512x512/Moss_Blue/button_moss_blue36.png using Guid(3962398881cb4f7408530b6e0ea9fe5a) Importer(815301076,1909f56bfc062723c751e8b465ee728b) (PreviewImporter) -> (artifact id: 'f157e6d3af1d34b8eb63adfe7f2725ed') in 0.0249123 seconds
Number of updated asset objects reloaded before import = 0Number of asset objects unloaded after import = 3

========================================================================
Received Import Request.
  Time since last request: 0.004991 seconds.
  path: Assets/Art/StoneUI/Buttons_512x512/Moss_Blue/button_moss_blue39.png
  artifactKey: Guid(6d96d175236dba343b85506112453938) Importer(815301076,1909f56bfc062723c751e8b465ee728b)
Start importing Assets/Art/StoneUI/Buttons_512x512/Moss_Blue/button_moss_blue39.png using Guid(6d96d175236dba343b85506112453938) Importer(815301076,1909f56bfc062723c751e8b465ee728b) (PreviewImporter) -> (artifact id: 'c4bc5232f5344a30e2df595c30aaa314') in 0.0208428 seconds
Number of updated asset objects reloaded before import = 0Number of asset objects unloaded after import = 3

========================================================================
Received Import Request.
  Time since last request: 0.004521 seconds.
  path: Assets/Art/StoneUI/Buttons_512x512/Moss_Blue/button_moss_blue41.png
  artifactKey: Guid(57580af7a8a474e43b65a155010e8db1) Importer(815301076,1909f56bfc062723c751e8b465ee728b)
Start importing Assets/Art/StoneUI/Buttons_512x512/Moss_Blue/button_moss_blue41.png using Guid(57580af7a8a474e43b65a155010e8db1) Importer(815301076,1909f56bfc062723c751e8b465ee728b) (PreviewImporter) -> (artifact id: 'e8fbe26b69600a5c9055f46c36c0f34e') in 0.0225997 seconds
Number of updated asset objects reloaded before import = 0Number of asset objects unloaded after import = 3

========================================================================
Received Import Request.
  Time since last request: 2.894201 seconds.
  path: Assets/Art/TileSets/Pixel Art Icon Pack - RPG/Texture/Potion/Blue Potion 2.png
  artifactKey: Guid(2d7d9ae02b7159843ac7d5ead0f8b89a) Importer(815301076,1909f56bfc062723c751e8b465ee728b)
Start importing Assets/Art/TileSets/Pixel Art Icon Pack - RPG/Texture/Potion/Blue Potion 2.png using Guid(2d7d9ae02b7159843ac7d5ead0f8b89a) Importer(815301076,1909f56bfc062723c751e8b465ee728b) (PreviewImporter) -> (artifact id: 'c7350f658b52e506c2fcaa04e8361cac') in 0.1169953 seconds
Number of updated asset objects reloaded before import = 0Number of asset objects unloaded after import = 3

========================================================================
Received Import Request.
  Time since last request: 0.000022 seconds.
  path: Assets/Art/StoneUI/Buttons_512x512/Moss_Purple/button_moss_purple6.png
  artifactKey: Guid(d17a69869b6132a47bd0d0b70e4ec5fb) Importer(815301076,1909f56bfc062723c751e8b465ee728b)
Start importing Assets/Art/StoneUI/Buttons_512x512/Moss_Purple/button_moss_purple6.png using Guid(d17a69869b6132a47bd0d0b70e4ec5fb) Importer(815301076,1909f56bfc062723c751e8b465ee728b) (PreviewImporter) -> (artifact id: 'ef484bf4a60ba722f26504c4c8b85df6') in 0.0280575 seconds
Number of updated asset objects reloaded before import = 0Number of asset objects unloaded after import = 3

========================================================================
Received Import Request.
  Time since last request: 0.000020 seconds.
  path: Assets/Art/StoneUI/Buttons_512x512/Moss_Purple/button_moss_purple9.png
  artifactKey: Guid(d8f1bafd972dfb449851c7e5ed663f88) Importer(815301076,1909f56bfc062723c751e8b465ee728b)
Start importing Assets/Art/StoneUI/Buttons_512x512/Moss_Purple/button_moss_purple9.png using Guid(d8f1bafd972dfb449851c7e5ed663f88) Importer(815301076,1909f56bfc062723c751e8b465ee728b) (PreviewImporter) -> (artifact id: '01dc6f107d9a342550f9add879eab6da') in 0.0255455 seconds
Number of updated asset objects reloaded before import = 0Number of asset objects unloaded after import = 3

========================================================================
Received Import Request.
  Time since last request: 0.001641 seconds.
  path: Assets/Art/StoneUI/Buttons_512x512/Moss_Purple/button_moss_purple12.png
  artifactKey: Guid(ec17a0f3eff526f4bac5882903f8effa) Importer(815301076,1909f56bfc062723c751e8b465ee728b)
Start importing Assets/Art/StoneUI/Buttons_512x512/Moss_Purple/button_moss_purple12.png using Guid(ec17a0f3eff526f4bac5882903f8effa) Importer(815301076,1909f56bfc062723c751e8b465ee728b) (PreviewImporter) -> (artifact id: '2f7ee8ef55d94cc69f14cb636473891d') in 0.0244952 seconds
Number of updated asset objects reloaded before import = 0Number of asset objects unloaded after import = 3

========================================================================
Received Import Request.
  Time since last request: 0.005904 seconds.
  path: Assets/Art/StoneUI/Buttons_512x512/Moss_Purple/button_moss_purple15.png
  artifactKey: Guid(89957af8c891bd341b77403cef645349) Importer(815301076,1909f56bfc062723c751e8b465ee728b)
Start importing Assets/Art/StoneUI/Buttons_512x512/Moss_Purple/button_moss_purple15.png using Guid(89957af8c891bd341b77403cef645349) Importer(815301076,1909f56bfc062723c751e8b465ee728b) (PreviewImporter) -> (artifact id: '0e0288c41adf879c0de84943699b3470') in 0.0236224 seconds
Number of updated asset objects reloaded before import = 0Number of asset objects unloaded after import = 3

========================================================================
Received Import Request.
  Time since last request: 0.004161 seconds.
  path: Assets/Art/StoneUI/Buttons_512x512/Moss_Purple/button_moss_purple18.png
  artifactKey: Guid(644ae510feff8a4418497e4f1828294d) Importer(815301076,1909f56bfc062723c751e8b465ee728b)
Start importing Assets/Art/StoneUI/Buttons_512x512/Moss_Purple/button_moss_purple18.png using Guid(644ae510feff8a4418497e4f1828294d) Importer(815301076,1909f56bfc062723c751e8b465ee728b) (PreviewImporter) -> (artifact id: 'c71c2800a79cc983219ca83eb4f27e30') in 0.025095 seconds
Number of updated asset objects reloaded before import = 0Number of asset objects unloaded after import = 3

========================================================================
Received Import Request.
  Time since last request: 0.003635 seconds.
  path: Assets/Art/StoneUI/Buttons_512x512/Moss_Purple/button_moss_purple21.png
  artifactKey: Guid(27e1d914cfc200e4892c8230b0367836) Importer(815301076,1909f56bfc062723c751e8b465ee728b)
Start importing Assets/Art/StoneUI/Buttons_512x512/Moss_Purple/button_moss_purple21.png using Guid(27e1d914cfc200e4892c8230b0367836) Importer(815301076,1909f56bfc062723c751e8b465ee728b) (PreviewImporter) -> (artifact id: '8924c4100e7c96761b0bdf1a0cbfdad9') in 0.0239389 seconds
Number of updated asset objects reloaded before import = 0Number of asset objects unloaded after import = 3

========================================================================
Received Import Request.
  Time since last request: 0.005240 seconds.
  path: Assets/Art/StoneUI/Buttons_512x512/Moss_Purple/button_moss_purple24.png
  artifactKey: Guid(81fc181739469624a9e7b7d0707d1fe0) Importer(815301076,1909f56bfc062723c751e8b465ee728b)
Start importing Assets/Art/StoneUI/Buttons_512x512/Moss_Purple/button_moss_purple24.png using Guid(81fc181739469624a9e7b7d0707d1fe0) Importer(815301076,1909f56bfc062723c751e8b465ee728b) (PreviewImporter) -> (artifact id: 'e963f4251bb1e9ba3129d1fc84efd2b7') in 0.0259373 seconds
Number of updated asset objects reloaded before import = 0Number of asset objects unloaded after import = 3

========================================================================
Received Import Request.
  Time since last request: 0.002968 seconds.
  path: Assets/Art/StoneUI/Buttons_512x512/Moss_Purple/button_moss_purple27.png
  artifactKey: Guid(cf8cdf2bfed0e834ea61cd71373c8c7f) Importer(815301076,1909f56bfc062723c751e8b465ee728b)
Start importing Assets/Art/StoneUI/Buttons_512x512/Moss_Purple/button_moss_purple27.png using Guid(cf8cdf2bfed0e834ea61cd71373c8c7f) Importer(815301076,1909f56bfc062723c751e8b465ee728b) (PreviewImporter) -> (artifact id: '8e3c6ef382a8714b7c9cf754c085530f') in 0.0245997 seconds
Number of updated asset objects reloaded before import = 0Number of asset objects unloaded after import = 3

========================================================================
Received Import Request.
  Time since last request: 0.004197 seconds.
  path: Assets/Art/StoneUI/Buttons_512x512/Moss_Purple/button_moss_purple30.png
  artifactKey: Guid(6139c496dfd88264089ad780334f5773) Importer(815301076,1909f56bfc062723c751e8b465ee728b)
Start importing Assets/Art/StoneUI/Buttons_512x512/Moss_Purple/button_moss_purple30.png using Guid(6139c496dfd88264089ad780334f5773) Importer(815301076,1909f56bfc062723c751e8b465ee728b) (PreviewImporter) -> (artifact id: '5ba62179b9c0e7a7b3a449924bd756a2') in 0.0235564 seconds
Number of updated asset objects reloaded before import = 0Number of asset objects unloaded after import = 3

========================================================================
Received Import Request.
  Time since last request: 0.005340 seconds.
  path: Assets/Art/StoneUI/Buttons_512x512/Moss_Purple/button_moss_purple33.png
  artifactKey: Guid(44e8d2a53f601064097b9a271f2aa75d) Importer(815301076,1909f56bfc062723c751e8b465ee728b)
Start importing Assets/Art/StoneUI/Buttons_512x512/Moss_Purple/button_moss_purple33.png using Guid(44e8d2a53f601064097b9a271f2aa75d) Importer(815301076,1909f56bfc062723c751e8b465ee728b) (PreviewImporter) -> (artifact id: '03363896da9bcaab03038231c890f551') in 0.0259823 seconds
Number of updated asset objects reloaded before import = 0Number of asset objects unloaded after import = 3

========================================================================
Received Import Request.
  Time since last request: 0.001162 seconds.
  path: Assets/Art/StoneUI/Buttons_512x512/Moss_Purple/button_moss_purple36.png
  artifactKey: Guid(e1cf87e09876f6b46af51e01d61a254e) Importer(815301076,1909f56bfc062723c751e8b465ee728b)
Start importing Assets/Art/StoneUI/Buttons_512x512/Moss_Purple/button_moss_purple36.png using Guid(e1cf87e09876f6b46af51e01d61a254e) Importer(815301076,1909f56bfc062723c751e8b465ee728b) (PreviewImporter) -> (artifact id: 'c76274fdde497a7ce134e85e700c0607') in 0.0226893 seconds
Number of updated asset objects reloaded before import = 0Number of asset objects unloaded after import = 3

========================================================================
Received Import Request.
  Time since last request: 0.007455 seconds.
  path: Assets/Art/StoneUI/Buttons_512x512/Moss_Purple/button_moss_purple39.png
  artifactKey: Guid(c9f2386fcfcbf424889b04b9515ae220) Importer(815301076,1909f56bfc062723c751e8b465ee728b)
Start importing Assets/Art/StoneUI/Buttons_512x512/Moss_Purple/button_moss_purple39.png using Guid(c9f2386fcfcbf424889b04b9515ae220) Importer(815301076,1909f56bfc062723c751e8b465ee728b) (PreviewImporter) -> (artifact id: 'be6611c20a9e2e52ed8509844ad3dea3') in 0.0247961 seconds
Number of updated asset objects reloaded before import = 0Number of asset objects unloaded after import = 3

========================================================================
Received Import Request.
  Time since last request: 2.208996 seconds.
  path: Assets/Art/StoneUI/Samples/button_rock_Play.png
  artifactKey: Guid(98a058c1db69ea943970d8bc424946ec) Importer(815301076,1909f56bfc062723c751e8b465ee728b)
Start importing Assets/Art/StoneUI/Samples/button_rock_Play.png using Guid(98a058c1db69ea943970d8bc424946ec) Importer(815301076,1909f56bfc062723c751e8b465ee728b) (PreviewImporter) -> (artifact id: 'bbfd1a9c87a4a3fbb1b15b33893ae639') in 0.0304007 seconds
Number of updated asset objects reloaded before import = 0Number of asset objects unloaded after import = 3

========================================================================
Received Import Request.
  Time since last request: 0.011749 seconds.
  path: Assets/Art/StoneUI/Samples/button_rock_Play4.png
  artifactKey: Guid(4cf4d94838a52de42afebe60fb762a2e) Importer(815301076,1909f56bfc062723c751e8b465ee728b)
Start importing Assets/Art/StoneUI/Samples/button_rock_Play4.png using Guid(4cf4d94838a52de42afebe60fb762a2e) Importer(815301076,1909f56bfc062723c751e8b465ee728b) (PreviewImporter) -> (artifact id: '2d5567ac3e3661c16000e9128fcced95') in 0.0312211 seconds
Number of updated asset objects reloaded before import = 0Number of asset objects unloaded after import = 3

========================================================================
Received Import Request.
  Time since last request: 32.940766 seconds.
  path: Assets/Art/Sprites/zombiebasic.png
  artifactKey: Guid(d970e8b05ffa93a4ebb2ad05683cffdf) Importer(815301076,1909f56bfc062723c751e8b465ee728b)
Start importing Assets/Art/Sprites/zombiebasic.png using Guid(d970e8b05ffa93a4ebb2ad05683cffdf) Importer(815301076,1909f56bfc062723c751e8b465ee728b) (PreviewImporter) -> (artifact id: '57c839cef93cc5f32163f2931e6a5fcf') in 0.0852393 seconds
Number of updated asset objects reloaded before import = 0Number of asset objects unloaded after import = 14

========================================================================
Received Import Request.
  Time since last request: 239.301331 seconds.
  path: Assets/Prefabs/InGame
  artifactKey: Guid(3dc3dd5a454697e4c959d71563cf7347) Importer(815301076,1909f56bfc062723c751e8b465ee728b)
Start importing Assets/Prefabs/InGame using Guid(3dc3dd5a454697e4c959d71563cf7347) Importer(815301076,1909f56bfc062723c751e8b465ee728b) (PreviewImporter) -> (artifact id: 'eb4bfb07e248294765cb7b603ede1d35') in 0.0088648 seconds
Number of updated asset objects reloaded before import = 0Number of asset objects unloaded after import = 0

========================================================================
Received Import Request.
  Time since last request: 0.976998 seconds.
  path: Assets/Prefabs/InGame/Characters
  artifactKey: Guid(c6d13b8429c7c1e42ad61607a3af66c4) Importer(815301076,1909f56bfc062723c751e8b465ee728b)
Start importing Assets/Prefabs/InGame/Characters using Guid(c6d13b8429c7c1e42ad61607a3af66c4) Importer(815301076,1909f56bfc062723c751e8b465ee728b) (PreviewImporter) -> (artifact id: '02c48fb2325c00a650c520bf398a286b') in 0.0093753 seconds
Number of updated asset objects reloaded before import = 0Number of asset objects unloaded after import = 0

========================================================================
Received Import Request.
  Time since last request: 0.091430 seconds.
  path: Assets/Prefabs/InGame/Characters/NPC.prefab
  artifactKey: Guid(4b33f9d6d8e73e640b6cc84aee808209) Importer(815301076,1909f56bfc062723c751e8b465ee728b)
Start importing Assets/Prefabs/InGame/Characters/NPC.prefab using Guid(4b33f9d6d8e73e640b6cc84aee808209) Importer(815301076,1909f56bfc062723c751e8b465ee728b) (PreviewImporter) -> (artifact id: '9d840baf1cf1102e15e5dfd22b82977f') in 0.0934217 seconds
Number of updated asset objects reloaded before import = 0Number of asset objects unloaded after import = 76

========================================================================
Received Import Request.
  Time since last request: 11.661444 seconds.
  path: Assets/Art/Sprites/CharacterSprites
  artifactKey: Guid(0ee4beab113f24d3885a4441832fe23a) Importer(815301076,1909f56bfc062723c751e8b465ee728b)
Start importing Assets/Art/Sprites/CharacterSprites using Guid(0ee4beab113f24d3885a4441832fe23a) Importer(815301076,1909f56bfc062723c751e8b465ee728b) (PreviewImporter) -> (artifact id: 'd293c86ad779c63f8ef647209af33c90') in 0.0009478 seconds
Number of updated asset objects reloaded before import = 0Number of asset objects unloaded after import = 0

========================================================================
Received Import Request.
  Time since last request: 0.078729 seconds.
  path: Assets/Art/Sprites/CharacterSprites/40-405863_lpcfemaleplatepreview2-pixel-art-character-sprite-sheet-hd-png.jpg
  artifactKey: Guid(6c53105d2dacc46c2a2bf3bff761d962) Importer(815301076,1909f56bfc062723c751e8b465ee728b)
Start importing Assets/Art/Sprites/CharacterSprites/40-405863_lpcfemaleplatepreview2-pixel-art-character-sprite-sheet-hd-png.jpg using Guid(6c53105d2dacc46c2a2bf3bff761d962) Importer(815301076,1909f56bfc062723c751e8b465ee728b) (PreviewImporter) -> (artifact id: '8a7b795b5c54c2c3e1e5d2a0dd8bb6ca') in 0.0304056 seconds
Number of updated asset objects reloaded before import = 0Number of asset objects unloaded after import = 2

========================================================================
Received Import Request.
  Time since last request: 14.867498 seconds.
  path: Assets/Art/Sprites/CharacterSprites/Scientist
  artifactKey: Guid(e38f8adea81e147df9e6b5d7fdda6331) Importer(815301076,1909f56bfc062723c751e8b465ee728b)
Start importing Assets/Art/Sprites/CharacterSprites/Scientist using Guid(e38f8adea81e147df9e6b5d7fdda6331) Importer(815301076,1909f56bfc062723c751e8b465ee728b) (PreviewImporter) -> (artifact id: '1e9f98ea20c941bedfcb691d1305e4f1') in 0.0013203 seconds
Number of updated asset objects reloaded before import = 0Number of asset objects unloaded after import = 0

========================================================================
Received Import Request.
  Time since last request: 0.090883 seconds.
  path: Assets/Art/Sprites/CharacterSprites/Scientist/scientist.png
  artifactKey: Guid(15dea73559315480b9d05d002aba7030) Importer(815301076,1909f56bfc062723c751e8b465ee728b)
Start importing Assets/Art/Sprites/CharacterSprites/Scientist/scientist.png using Guid(15dea73559315480b9d05d002aba7030) Importer(815301076,1909f56bfc062723c751e8b465ee728b) (PreviewImporter) -> (artifact id: 'eeccd81a3b45154706e118849047fea9') in 0.087791 seconds
Number of updated asset objects reloaded before import = 0Number of asset objects unloaded after import = 19

========================================================================
Received Import Request.
  Time since last request: 5.836748 seconds.
  path: Assets/Art/Sprites/CharacterSprites/Politician
  artifactKey: Guid(e68fbeec39e3c4c7c965edaf6ef17594) Importer(815301076,1909f56bfc062723c751e8b465ee728b)
Start importing Assets/Art/Sprites/CharacterSprites/Politician using Guid(e68fbeec39e3c4c7c965edaf6ef17594) Importer(815301076,1909f56bfc062723c751e8b465ee728b) (PreviewImporter) -> (artifact id: '292044d023a096c5544f674b66802eaa') in 0.0010575 seconds
Number of updated asset objects reloaded before import = 0Number of asset objects unloaded after import = 0

========================================================================
Received Import Request.
  Time since last request: 4.023618 seconds.
  path: Assets/Art/Sprites/CharacterSprites/Hunter
  artifactKey: Guid(1fa497ffa1a914e6aa897db677e5f084) Importer(815301076,1909f56bfc062723c751e8b465ee728b)
Start importing Assets/Art/Sprites/CharacterSprites/Hunter using Guid(1fa497ffa1a914e6aa897db677e5f084) Importer(815301076,1909f56bfc062723c751e8b465ee728b) (PreviewImporter) -> (artifact id: '650af65e53df59a9d36d81bd7b9a1ecf') in 0.0010049 seconds
Number of updated asset objects reloaded before import = 0Number of asset objects unloaded after import = 0

========================================================================
Received Import Request.
  Time since last request: 0.097052 seconds.
  path: Assets/Art/Sprites/CharacterSprites/Hunter/mrt.png
  artifactKey: Guid(3a8846ab326b34f9ca013df116e8dc8b) Importer(815301076,1909f56bfc062723c751e8b465ee728b)
Start importing Assets/Art/Sprites/CharacterSprites/Hunter/mrt.png using Guid(3a8846ab326b34f9ca013df116e8dc8b) Importer(815301076,1909f56bfc062723c751e8b465ee728b) (PreviewImporter) -> (artifact id: 'd6bab03263e6d96f3fe4c874b676c178') in 0.0670436 seconds
Number of updated asset objects reloaded before import = 0Number of asset objects unloaded after import = 18

========================================================================
Received Import Request.
  Time since last request: 39.434838 seconds.
  path: Assets/Art/Sprites/bk_player_assets
  artifactKey: Guid(f04e95128282c354581a25c116a35bff) Importer(815301076,1909f56bfc062723c751e8b465ee728b)
Start importing Assets/Art/Sprites/bk_player_assets using Guid(f04e95128282c354581a25c116a35bff) Importer(815301076,1909f56bfc062723c751e8b465ee728b) (PreviewImporter) -> (artifact id: 'ba0cd2fe738a27a7c5c4d7e06b581850') in 0.0016949 seconds
Number of updated asset objects reloaded before import = 0Number of asset objects unloaded after import = 0

========================================================================
Received Import Request.
  Time since last request: 0.082412 seconds.
  path: Assets/Art/Sprites/bk_player_assets/player_9mmhandgun.png
  artifactKey: Guid(2bc64044a3a03e44dad27ee7b479e068) Importer(815301076,1909f56bfc062723c751e8b465ee728b)
Start importing Assets/Art/Sprites/bk_player_assets/player_9mmhandgun.png using Guid(2bc64044a3a03e44dad27ee7b479e068) Importer(815301076,1909f56bfc062723c751e8b465ee728b) (PreviewImporter) -> (artifact id: '215848e40db736a1651b8cfc782a9382') in 0.0168893 seconds
Number of updated asset objects reloaded before import = 0Number of asset objects unloaded after import = 2

========================================================================
Received Import Request.
  Time since last request: 0.000017 seconds.
  path: Assets/Art/Sprites/bk_player_assets/player_chaingun_shoot_strip2.png
  artifactKey: Guid(ac73e7cef934eff43a2fadd7be7bd646) Importer(815301076,1909f56bfc062723c751e8b465ee728b)
Start importing Assets/Art/Sprites/bk_player_assets/player_chaingun_shoot_strip2.png using Guid(ac73e7cef934eff43a2fadd7be7bd646) Importer(815301076,1909f56bfc062723c751e8b465ee728b) (PreviewImporter) -> (artifact id: '25a604e88b67af325195b1bc07ddf950') in 0.0361098 seconds
Number of updated asset objects reloaded before import = 0Number of asset objects unloaded after import = 2

========================================================================
Received Import Request.
  Time since last request: 0.008343 seconds.
  path: Assets/Art/Sprites/bk_player_assets/player_hk_recoil.png
  artifactKey: Guid(730737e60a6cb3848a8a2a9515695556) Importer(815301076,1909f56bfc062723c751e8b465ee728b)
Start importing Assets/Art/Sprites/bk_player_assets/player_hk_recoil.png using Guid(730737e60a6cb3848a8a2a9515695556) Importer(815301076,1909f56bfc062723c751e8b465ee728b) (PreviewImporter) -> (artifact id: '516f595efb937a68dbf6b2dce92089f1') in 0.0168459 seconds
Number of updated asset objects reloaded before import = 0Number of asset objects unloaded after import = 2

========================================================================
Received Import Request.
  Time since last request: 0.000939 seconds.
  path: Assets/Art/Sprites/bk_player_assets/player_pumgun_reload_strip5.png
  artifactKey: Guid(3df9d1783bcfef54d99235aefe871712) Importer(815301076,1909f56bfc062723c751e8b465ee728b)
Start importing Assets/Art/Sprites/bk_player_assets/player_pumgun_reload_strip5.png using Guid(3df9d1783bcfef54d99235aefe871712) Importer(815301076,1909f56bfc062723c751e8b465ee728b) (PreviewImporter) -> (artifact id: '5bf17d322f570f1505c981ca8673b741') in 0.0162222 seconds
Number of updated asset objects reloaded before import = 0Number of asset objects unloaded after import = 2

========================================================================
Received Import Request.
  Time since last request: 0.000510 seconds.
  path: Assets/Art/Sprites/bk_player_assets/player_run_strip6.png
  artifactKey: Guid(85e31da5954473849ac5fba617b9a725) Importer(815301076,1909f56bfc062723c751e8b465ee728b)
Start importing Assets/Art/Sprites/bk_player_assets/player_run_strip6.png using Guid(85e31da5954473849ac5fba617b9a725) Importer(815301076,1909f56bfc062723c751e8b465ee728b) (PreviewImporter) -> (artifact id: '77380878d1310096b85a6fc99525ed35') in 0.0228025 seconds
Number of updated asset objects reloaded before import = 0Number of asset objects unloaded after import = 2

========================================================================
Received Import Request.
  Time since last request: 97.424742 seconds.
  path: Assets/Art/Sprites/bk_player_assets/player_9mmhandgun.png
  artifactKey: Guid(2bc64044a3a03e44dad27ee7b479e068) Importer(815301076,1909f56bfc062723c751e8b465ee728b)
Start importing Assets/Art/Sprites/bk_player_assets/player_9mmhandgun.png using Guid(2bc64044a3a03e44dad27ee7b479e068) Importer(815301076,1909f56bfc062723c751e8b465ee728b) (PreviewImporter) -> (artifact id: 'df2071b874f973bac1841c7fbcdd266a') in 0.0214817 seconds
Number of updated asset objects reloaded before import = 0Number of asset objects unloaded after import = 2

========================================================================
Received Import Request.
  Time since last request: 9.438897 seconds.
  path: Assets/Samples/2D Animation/4.2.4/Samples/5 SpriteSwap/Sprites/Scavengers_SpriteSheet.png
  artifactKey: Guid(6b750765a9e73934383c8285cef51320) Importer(815301076,1909f56bfc062723c751e8b465ee728b)
Start importing Assets/Samples/2D Animation/4.2.4/Samples/5 SpriteSwap/Sprites/Scavengers_SpriteSheet.png using Guid(6b750765a9e73934383c8285cef51320) Importer(815301076,1909f56bfc062723c751e8b465ee728b) (PreviewImporter) -> (artifact id: '0d7e29f81ed995d3bec8a01c5ff4af15') in 0.1209436 seconds
Number of updated asset objects reloaded before import = 0Number of asset objects unloaded after import = 57

========================================================================
Received Import Request.
  Time since last request: 0.201923 seconds.
  path: Assets/Standard Assets/CrossPlatformInput/Sprites/SliderBackgroundSprite.png
  artifactKey: Guid(ea5873cfd9158664f89459f0c9e1d853) Importer(815301076,1909f56bfc062723c751e8b465ee728b)
Start importing Assets/Standard Assets/CrossPlatformInput/Sprites/SliderBackgroundSprite.png using Guid(ea5873cfd9158664f89459f0c9e1d853) Importer(815301076,1909f56bfc062723c751e8b465ee728b) (PreviewImporter) -> (artifact id: '08a5e866cc23346ee6442973ab156732') in 0.023895 seconds
Number of updated asset objects reloaded before import = 0Number of asset objects unloaded after import = 3

========================================================================
Received Import Request.
  Time since last request: 0.000018 seconds.
  path: Assets/Standard Assets/CrossPlatformInput/Sprites/TouchpadSprite.png
  artifactKey: Guid(e4f1fee3de32377429fd1348fae62b10) Importer(815301076,1909f56bfc062723c751e8b465ee728b)
Start importing Assets/Standard Assets/CrossPlatformInput/Sprites/TouchpadSprite.png using Guid(e4f1fee3de32377429fd1348fae62b10) Importer(815301076,1909f56bfc062723c751e8b465ee728b) (PreviewImporter) -> (artifact id: '3a22074f6fb26fb79b1a53d5b1178141') in 0.0219031 seconds
Number of updated asset objects reloaded before import = 0Number of asset objects unloaded after import = 3

========================================================================
Received Import Request.
  Time since last request: 0.011347 seconds.
  path: Assets/Art/TileSets/Pixel Art Icon Pack - RPG/Texture/Material/Wooden Plank.png
  artifactKey: Guid(f8a9cfc721a20ce409c3d743e9b251bc) Importer(815301076,1909f56bfc062723c751e8b465ee728b)
Start importing Assets/Art/TileSets/Pixel Art Icon Pack - RPG/Texture/Material/Wooden Plank.png using Guid(f8a9cfc721a20ce409c3d743e9b251bc) Importer(815301076,1909f56bfc062723c751e8b465ee728b) (PreviewImporter) -> (artifact id: 'e37fd541fb4b5041ef84ffc42bc8a61d') in 0.0326267 seconds
Number of updated asset objects reloaded before import = 0Number of asset objects unloaded after import = 3

========================================================================
Received Import Request.
  Time since last request: 0.000060 seconds.
  path: Assets/Art/TileSets/Tiny RPG Forest/Artwork/Environment/sliced-objects/tree-pink.png
  artifactKey: Guid(c008626f5108946299e1a584ba85fa5b) Importer(815301076,1909f56bfc062723c751e8b465ee728b)
Start importing Assets/Art/TileSets/Tiny RPG Forest/Artwork/Environment/sliced-objects/tree-pink.png using Guid(c008626f5108946299e1a584ba85fa5b) Importer(815301076,1909f56bfc062723c751e8b465ee728b) (PreviewImporter) -> (artifact id: '19a55be5c4788b75dd18986857d23a51') in 0.0257006 seconds
Number of updated asset objects reloaded before import = 0Number of asset objects unloaded after import = 3

========================================================================
Received Import Request.
  Time since last request: 0.183464 seconds.
  path: Assets/Art/StoneUI/Samples/button_rock_Play5.png
  artifactKey: Guid(383e5913f70d3a1458723b53a2f7dfab) Importer(815301076,1909f56bfc062723c751e8b465ee728b)
Start importing Assets/Art/StoneUI/Samples/button_rock_Play5.png using Guid(383e5913f70d3a1458723b53a2f7dfab) Importer(815301076,1909f56bfc062723c751e8b465ee728b) (PreviewImporter) -> (artifact id: 'fa9db32200c16022876e25224083c17b') in 0.0263912 seconds
Number of updated asset objects reloaded before import = 0Number of asset objects unloaded after import = 3

========================================================================
Received Import Request.
  Time since last request: 0.003340 seconds.
  path: Assets/Art/StoneUI/OtherUI_2-1K/button_rock_Play.png
  artifactKey: Guid(fa1ecbda6ed0a734d8796079e7e3974a) Importer(815301076,1909f56bfc062723c751e8b465ee728b)
Start importing Assets/Art/StoneUI/OtherUI_2-1K/button_rock_Play.png using Guid(fa1ecbda6ed0a734d8796079e7e3974a) Importer(815301076,1909f56bfc062723c751e8b465ee728b) (PreviewImporter) -> (artifact id: '81b1bfa9d9063bc5c64323b24f983130') in 0.1301592 seconds
Number of updated asset objects reloaded before import = 0Number of asset objects unloaded after import = 27

========================================================================
Received Import Request.
  Time since last request: 55.214526 seconds.
  path: Assets/Art/Sprites/bk_player_assets/player_9mmhandgun.png
  artifactKey: Guid(2bc64044a3a03e44dad27ee7b479e068) Importer(815301076,1909f56bfc062723c751e8b465ee728b)
Start importing Assets/Art/Sprites/bk_player_assets/player_9mmhandgun.png using Guid(2bc64044a3a03e44dad27ee7b479e068) Importer(815301076,1909f56bfc062723c751e8b465ee728b) (PreviewImporter) -> (artifact id: '2460f4a34c5abdfce5c11b698ed91e27') in 0.0267914 seconds
Number of updated asset objects reloaded before import = 0Number of asset objects unloaded after import = 3

========================================================================
Received Import Request.
  Time since last request: 31.681392 seconds.
  path: Assets/Art/Sprites/bk_player_assets/player_9mmhandgun.png
  artifactKey: Guid(2bc64044a3a03e44dad27ee7b479e068) Importer(815301076,1909f56bfc062723c751e8b465ee728b)
Start importing Assets/Art/Sprites/bk_player_assets/player_9mmhandgun.png using Guid(2bc64044a3a03e44dad27ee7b479e068) Importer(815301076,1909f56bfc062723c751e8b465ee728b) (PreviewImporter) -> (artifact id: '718d961b6bd8340b2cf28a64c1a169bb') in 0.0245132 seconds
Number of updated asset objects reloaded before import = 0Number of asset objects unloaded after import = 3

========================================================================
Received Import Request.
  Time since last request: 8.182070 seconds.
  path: Assets/Art/Sprites/bk_player_assets/player_9mmhandgun.png
  artifactKey: Guid(2bc64044a3a03e44dad27ee7b479e068) Importer(815301076,1909f56bfc062723c751e8b465ee728b)
Start importing Assets/Art/Sprites/bk_player_assets/player_9mmhandgun.png using Guid(2bc64044a3a03e44dad27ee7b479e068) Importer(815301076,1909f56bfc062723c751e8b465ee728b) (PreviewImporter) -> (artifact id: '0e7a0e3535fcc4a51a207b1df8e2b408') in 0.020949 seconds
Number of updated asset objects reloaded before import = 0Number of asset objects unloaded after import = 3

========================================================================
Received Import Request.
  Time since last request: 45.332031 seconds.
  path: Assets/Art/Sprites/bk_officer
  artifactKey: Guid(f4756f3fa2a16ac42a030442962569b3) Importer(815301076,1909f56bfc062723c751e8b465ee728b)
Start importing Assets/Art/Sprites/bk_officer using Guid(f4756f3fa2a16ac42a030442962569b3) Importer(815301076,1909f56bfc062723c751e8b465ee728b) (PreviewImporter) -> (artifact id: 'd43af3621697bf1514ae11034f3ccf68') in 0.000908 seconds
Number of updated asset objects reloaded before import = 0Number of asset objects unloaded after import = 0

========================================================================
Received Import Request.
  Time since last request: 0.135555 seconds.
  path: Assets/Art/Sprites/bk_officer/officer_die_strip.png
  artifactKey: Guid(210b4084df4059c4593240bccff5a344) Importer(815301076,1909f56bfc062723c751e8b465ee728b)
Start importing Assets/Art/Sprites/bk_officer/officer_die_strip.png using Guid(210b4084df4059c4593240bccff5a344) Importer(815301076,1909f56bfc062723c751e8b465ee728b) (PreviewImporter) -> (artifact id: 'dd1c205bfd9893bba3bc5ab261a79d01') in 0.017664 seconds
Number of updated asset objects reloaded before import = 0Number of asset objects unloaded after import = 2

========================================================================
Received Import Request.
  Time since last request: 0.000018 seconds.
  path: Assets/Art/Sprites/bk_officer/officer_shoot_strip.png
  artifactKey: Guid(d3440fe85c12c144a8e0ec9a3f5b80e5) Importer(815301076,1909f56bfc062723c751e8b465ee728b)
Start importing Assets/Art/Sprites/bk_officer/officer_shoot_strip.png using Guid(d3440fe85c12c144a8e0ec9a3f5b80e5) Importer(815301076,1909f56bfc062723c751e8b465ee728b) (PreviewImporter) -> (artifact id: 'd70a83d459522517f85bd2f104d467e0') in 0.0217487 seconds
Number of updated asset objects reloaded before import = 0Number of asset objects unloaded after import = 2

========================================================================
Received Import Request.
  Time since last request: 0.000055 seconds.
  path: Assets/Art/Sprites/bk_officer/officer_walk_strip.png
  artifactKey: Guid(cf3b9afba3fa96c4a87ae9f5878cc671) Importer(815301076,1909f56bfc062723c751e8b465ee728b)
Start importing Assets/Art/Sprites/bk_officer/officer_walk_strip.png using Guid(cf3b9afba3fa96c4a87ae9f5878cc671) Importer(815301076,1909f56bfc062723c751e8b465ee728b) (PreviewImporter) -> (artifact id: 'e617632b169a5553f3bf0f326a6429b3') in 0.0231797 seconds
Number of updated asset objects reloaded before import = 0Number of asset objects unloaded after import = 2

========================================================================
Received Import Request.
  Time since last request: 53.635502 seconds.
  path: Assets/Art/Sprites/bk_player_assets/player_pumgun_reload_strip5.png
  artifactKey: Guid(3df9d1783bcfef54d99235aefe871712) Importer(815301076,1909f56bfc062723c751e8b465ee728b)
Start importing Assets/Art/Sprites/bk_player_assets/player_pumgun_reload_strip5.png using Guid(3df9d1783bcfef54d99235aefe871712) Importer(815301076,1909f56bfc062723c751e8b465ee728b) (PreviewImporter) -> (artifact id: 'cf52361eb0a09b9eb0d4b4ca2736b5fb') in 0.0233349 seconds
Number of updated asset objects reloaded before import = 0Number of asset objects unloaded after import = 2

========================================================================
Received Import Request.
  Time since last request: 6.907884 seconds.
  path: Assets/Art/Sprites/bk_player_assets/player_pumgun_reload_strip5.png
  artifactKey: Guid(3df9d1783bcfef54d99235aefe871712) Importer(815301076,1909f56bfc062723c751e8b465ee728b)
Start importing Assets/Art/Sprites/bk_player_assets/player_pumgun_reload_strip5.png using Guid(3df9d1783bcfef54d99235aefe871712) Importer(815301076,1909f56bfc062723c751e8b465ee728b) (PreviewImporter) -> (artifact id: '9c651836c536eb9bdffbf5f96ae1bc7c') in 0.0418088 seconds
Number of updated asset objects reloaded before import = 0Number of asset objects unloaded after import = 7

========================================================================
Received Import Request.
  Time since last request: 17.600653 seconds.
  path: Assets/Art/Sprites/bk_player_assets/player_pumgun_reload_strip5.png
  artifactKey: Guid(3df9d1783bcfef54d99235aefe871712) Importer(815301076,1909f56bfc062723c751e8b465ee728b)
Start importing Assets/Art/Sprites/bk_player_assets/player_pumgun_reload_strip5.png using Guid(3df9d1783bcfef54d99235aefe871712) Importer(815301076,1909f56bfc062723c751e8b465ee728b) (PreviewImporter) -> (artifact id: 'be3dd89b4ba86fe3db48eb5c8d267a5b') in 0.0465292 seconds
Number of updated asset objects reloaded before import = 0Number of asset objects unloaded after import = 7

========================================================================
Received Prepare
Begin MonoManager ReloadAssembly
- Loaded All Assemblies, in  0.708 seconds
Script 'CharacterController' has the same name as built-in Unity component.
AddComponent and GetComponent will not work with this script.
Refreshing native plugins compatible for Editor in 1.88 ms, found 2 plugins.
Native extension for LinuxStandalone target not found
Native extension for UWP target not found
Native extension for WindowsStandalone target not found
Native extension for OSXStandalone target not found
Native extension for WebGL target not found
Mono: successfully reloaded assembly
- Finished resetting the current domain, in  0.972 seconds
Domain Reload Profiling: 1674ms
	BeginReloadAssembly (238ms)
		ExecutionOrderSort (0ms)
		DisableScriptedObjects (9ms)
		BackupInstance (0ms)
		ReleaseScriptingObjects (0ms)
		CreateAndSetChildDomain (51ms)
	RebuildCommonClasses (46ms)
	RebuildNativeTypeToScriptingClass (14ms)
	initialDomainReloadingComplete (36ms)
	LoadAllAssembliesAndSetupDomain (367ms)
		LoadAssemblies (387ms)
		RebuildTransferFunctionScriptingTraits (0ms)
		AnalyzeDomain (110ms)
			TypeCache.Refresh (6ms)
				TypeCache.ScanAssembly (0ms)
			BuildScriptInfoCaches (94ms)
			ResolveRequiredComponents (5ms)
	FinalizeReload (973ms)
		ReleaseScriptCaches (0ms)
		RebuildScriptCaches (0ms)
		SetupLoadedEditorAssemblies (813ms)
			LogAssemblyErrors (0ms)
			InitializePlatformSupportModulesInManaged (18ms)
			SetLoadedEditorAssemblies (6ms)
			BeforeProcessingInitializeOnLoad (179ms)
			ProcessInitializeOnLoadAttributes (529ms)
			ProcessInitializeOnLoadMethodAttributes (65ms)
			AfterProcessingInitializeOnLoad (17ms)
			EditorAssembliesLoaded (0ms)
		ExecutionOrderSort2 (0ms)
		AwakeInstancesAfterBackupRestoration (19ms)
WARNING: Shader Unsupported: 'Toon/Lit Outline' - All subshaders removed
WARNING: Shader Did you use #pragma only_renderers and omit this platform?
WARNING: Shader If subshaders removal was intentional, you may have forgotten turning Fallback off?
WARNING: Shader Unsupported: 'Toon/Lit Outline' - All subshaders removed
WARNING: Shader Did you use #pragma only_renderers and omit this platform?
WARNING: Shader If subshaders removal was intentional, you may have forgotten turning Fallback off?
WARNING: Shader Unsupported: 'Toon/Basic Outline' - All subshaders removed
WARNING: Shader Did you use #pragma only_renderers and omit this platform?
WARNING: Shader If subshaders removal was intentional, you may have forgotten turning Fallback off?
WARNING: Shader Unsupported: 'Toon/Basic Outline' - All subshaders removed
WARNING: Shader Did you use #pragma only_renderers and omit this platform?
WARNING: Shader If subshaders removal was intentional, you may have forgotten turning Fallback off?
Refreshing native plugins compatible for Editor in 1.68 ms, found 2 plugins.
Preloading 0 native plugins for Editor in 0.00 ms.
Unloading 2 Unused Serialized files (Serialized files now loaded: 0)
Unloading 2523 unused Assets / (1.0 MB). Loaded Objects now: 3212.
Memory consumption went from 90.9 MB to 89.9 MB.
Total: 8.816300 ms (FindLiveObjects: 0.422900 ms CreateObjectMapping: 0.332700 ms MarkObjects: 6.768000 ms  DeleteObjects: 1.291300 ms)

Prepare: number of updated asset objects reloaded= 0
========================================================================
Received Prepare
Begin MonoManager ReloadAssembly
- Loaded All Assemblies, in  0.710 seconds
Script 'CharacterController' has the same name as built-in Unity component.
AddComponent and GetComponent will not work with this script.
Refreshing native plugins compatible for Editor in 1.43 ms, found 2 plugins.
Native extension for LinuxStandalone target not found
Native extension for UWP target not found
Native extension for WindowsStandalone target not found
Native extension for OSXStandalone target not found
Native extension for WebGL target not found
Mono: successfully reloaded assembly
- Finished resetting the current domain, in  0.955 seconds
Domain Reload Profiling: 1659ms
	BeginReloadAssembly (227ms)
		ExecutionOrderSort (0ms)
		DisableScriptedObjects (10ms)
		BackupInstance (0ms)
		ReleaseScriptingObjects (0ms)
		CreateAndSetChildDomain (43ms)
	RebuildCommonClasses (43ms)
	RebuildNativeTypeToScriptingClass (18ms)
	initialDomainReloadingComplete (36ms)
	LoadAllAssembliesAndSetupDomain (380ms)
		LoadAssemblies (384ms)
		RebuildTransferFunctionScriptingTraits (0ms)
		AnalyzeDomain (125ms)
			TypeCache.Refresh (8ms)
				TypeCache.ScanAssembly (0ms)
			BuildScriptInfoCaches (102ms)
			ResolveRequiredComponents (10ms)
	FinalizeReload (956ms)
		ReleaseScriptCaches (0ms)
		RebuildScriptCaches (0ms)
		SetupLoadedEditorAssemblies (763ms)
			LogAssemblyErrors (0ms)
			InitializePlatformSupportModulesInManaged (26ms)
			SetLoadedEditorAssemblies (7ms)
			BeforeProcessingInitializeOnLoad (174ms)
			ProcessInitializeOnLoadAttributes (486ms)
			ProcessInitializeOnLoadMethodAttributes (53ms)
			AfterProcessingInitializeOnLoad (16ms)
			EditorAssembliesLoaded (0ms)
		ExecutionOrderSort2 (0ms)
		AwakeInstancesAfterBackupRestoration (17ms)
WARNING: Shader Unsupported: 'Toon/Lit Outline' - All subshaders removed
WARNING: Shader Did you use #pragma only_renderers and omit this platform?
WARNING: Shader If subshaders removal was intentional, you may have forgotten turning Fallback off?
WARNING: Shader Unsupported: 'Toon/Lit Outline' - All subshaders removed
WARNING: Shader Did you use #pragma only_renderers and omit this platform?
WARNING: Shader If subshaders removal was intentional, you may have forgotten turning Fallback off?
WARNING: Shader Unsupported: 'Toon/Basic Outline' - All subshaders removed
WARNING: Shader Did you use #pragma only_renderers and omit this platform?
WARNING: Shader If subshaders removal was intentional, you may have forgotten turning Fallback off?
WARNING: Shader Unsupported: 'Toon/Basic Outline' - All subshaders removed
WARNING: Shader Did you use #pragma only_renderers and omit this platform?
WARNING: Shader If subshaders removal was intentional, you may have forgotten turning Fallback off?
Refreshing native plugins compatible for Editor in 1.79 ms, found 2 plugins.
Preloading 0 native plugins for Editor in 0.00 ms.
Unloading 2 Unused Serialized files (Serialized files now loaded: 0)
Unloading 2523 unused Assets / (1.0 MB). Loaded Objects now: 3212.
Memory consumption went from 90.9 MB to 89.9 MB.
Total: 9.714000 ms (FindLiveObjects: 0.461800 ms CreateObjectMapping: 0.571000 ms MarkObjects: 7.411300 ms  DeleteObjects: 1.268500 ms)

Prepare: number of updated asset objects reloaded= 0
========================================================================
Received Import Request.
  Time since last request: 844.403529 seconds.
  path: Assets/Art/Sprites/bk_player_assets/player_9mmhandgun.png
  artifactKey: Guid(2bc64044a3a03e44dad27ee7b479e068) Importer(815301076,1909f56bfc062723c751e8b465ee728b)
Start importing Assets/Art/Sprites/bk_player_assets/player_9mmhandgun.png using Guid(2bc64044a3a03e44dad27ee7b479e068) Importer(815301076,1909f56bfc062723c751e8b465ee728b) (PreviewImporter) -> (artifact id: '518808b28ec75e50620ada934b9f5a81') in 0.1129255 seconds
Number of updated asset objects reloaded before import = 0Number of asset objects unloaded after import = 3

========================================================================
Received Import Request.
  Time since last request: 230.301952 seconds.
  path: Assets/Art/Sprites/Environments/Overworld.png
  artifactKey: Guid(68e29c4e1d8ad9b458fc469df03b80be) Importer(815301076,1909f56bfc062723c751e8b465ee728b)
Start importing Assets/Art/Sprites/Environments/Overworld.png using Guid(68e29c4e1d8ad9b458fc469df03b80be) Importer(815301076,1909f56bfc062723c751e8b465ee728b) (PreviewImporter) -> (artifact id: '7a03c0f5385ccfe7b24596fd7a587a27') in 0.1935918 seconds
Number of updated asset objects reloaded before import = 0Number of asset objects unloaded after import = 39

========================================================================
Received Import Request.
  Time since last request: 0.000027 seconds.
  path: Assets/Art/TileSets/Pixel Art Icon Pack - RPG/Texture/Potion/Red Potion 3.png
  artifactKey: Guid(7b3876a2b72c44540a4bbd5aaba9e506) Importer(815301076,1909f56bfc062723c751e8b465ee728b)
Start importing Assets/Art/TileSets/Pixel Art Icon Pack - RPG/Texture/Potion/Red Potion 3.png using Guid(7b3876a2b72c44540a4bbd5aaba9e506) Importer(815301076,1909f56bfc062723c751e8b465ee728b) (PreviewImporter) -> (artifact id: '1105fe3b6b15aec23a362ec7628bfcd0') in 0.0224654 seconds
Number of updated asset objects reloaded before import = 0Number of asset objects unloaded after import = 3

========================================================================
Received Import Request.
  Time since last request: 0.000041 seconds.
  path: Assets/Samples/2D Animation/4.2.4/Samples/5 SpriteSwap/Sprites/Rikr Rage.png
  artifactKey: Guid(62aab9d0b7eea6d46a98bc6bfb5f255e) Importer(815301076,1909f56bfc062723c751e8b465ee728b)
Start importing Assets/Samples/2D Animation/4.2.4/Samples/5 SpriteSwap/Sprites/Rikr Rage.png using Guid(62aab9d0b7eea6d46a98bc6bfb5f255e) Importer(815301076,1909f56bfc062723c751e8b465ee728b) (PreviewImporter) -> (artifact id: '2603080b022864a1d2d71e78f6ad1ad7') in 0.0724968 seconds
Number of updated asset objects reloaded before import = 0Number of asset objects unloaded after import = 8

========================================================================
Received Import Request.
  Time since last request: 0.000025 seconds.
  path: Assets/Samples/2D Animation/4.2.4/Samples/5 SpriteSwap/Sprites/Rikr Poison.png
  artifactKey: Guid(cc7586140aa6bac4ab484e8dc1a41a4c) Importer(815301076,1909f56bfc062723c751e8b465ee728b)
Start importing Assets/Samples/2D Animation/4.2.4/Samples/5 SpriteSwap/Sprites/Rikr Poison.png using Guid(cc7586140aa6bac4ab484e8dc1a41a4c) Importer(815301076,1909f56bfc062723c751e8b465ee728b) (PreviewImporter) -> (artifact id: 'c661b6c965e38abecfb1ac92095716ba') in 0.0670661 seconds
Number of updated asset objects reloaded before import = 0Number of asset objects unloaded after import = 8

========================================================================
Received Import Request.
  Time since last request: 0.000024 seconds.
  path: Assets/Art/TileSets/Pixel Art Icon Pack - RPG/Texture/Weapon & Tool/Pickaxe.png
  artifactKey: Guid(1fb46228a3bcb5042a763829cc07f9e5) Importer(815301076,1909f56bfc062723c751e8b465ee728b)
Start importing Assets/Art/TileSets/Pixel Art Icon Pack - RPG/Texture/Weapon & Tool/Pickaxe.png using Guid(1fb46228a3bcb5042a763829cc07f9e5) Importer(815301076,1909f56bfc062723c751e8b465ee728b) (PreviewImporter) -> (artifact id: '4b71e093f105a114ce14b5b8c38adda0') in 0.0241847 seconds
Number of updated asset objects reloaded before import = 0Number of asset objects unloaded after import = 3

========================================================================
Received Import Request.
  Time since last request: 0.000016 seconds.
  path: Assets/Samples/2D Animation/4.2.4/Samples/Extras/IK/Sprites/Plunkah.png
  artifactKey: Guid(fafd3ffdc7e064d67a2d3277e916184c) Importer(815301076,1909f56bfc062723c751e8b465ee728b)
Start importing Assets/Samples/2D Animation/4.2.4/Samples/Extras/IK/Sprites/Plunkah.png using Guid(fafd3ffdc7e064d67a2d3277e916184c) Importer(815301076,1909f56bfc062723c751e8b465ee728b) (PreviewImporter) -> (artifact id: '43c2aad2e5c66250389d2c3ffe9c883f') in 0.0303471 seconds
Number of updated asset objects reloaded before import = 0Number of asset objects unloaded after import = 3

========================================================================
Received Import Request.
  Time since last request: 0.000023 seconds.
  path: Assets/Standard Assets/2D/Sprites/RobotBoyCrouchSprite.png
  artifactKey: Guid(d40c191aa46654db7a426d6a1fa3aa30) Importer(815301076,1909f56bfc062723c751e8b465ee728b)
Start importing Assets/Standard Assets/2D/Sprites/RobotBoyCrouchSprite.png using Guid(d40c191aa46654db7a426d6a1fa3aa30) Importer(815301076,1909f56bfc062723c751e8b465ee728b) (PreviewImporter) -> (artifact id: '4d2991d234ac30d0b4b813363ac1d105') in 0.0951192 seconds
Number of updated asset objects reloaded before import = 0Number of asset objects unloaded after import = 23

========================================================================
Received Prepare
Begin MonoManager ReloadAssembly
- Loaded All Assemblies, in  0.938 seconds
Script 'CharacterController' has the same name as built-in Unity component.
AddComponent and GetComponent will not work with this script.
Refreshing native plugins compatible for Editor in 2.03 ms, found 2 plugins.
Native extension for LinuxStandalone target not found
Native extension for UWP target not found
Native extension for WindowsStandalone target not found
Native extension for OSXStandalone target not found
Native extension for WebGL target not found
Mono: successfully reloaded assembly
- Finished resetting the current domain, in  0.986 seconds
Domain Reload Profiling: 1921ms
	BeginReloadAssembly (270ms)
		ExecutionOrderSort (0ms)
		DisableScriptedObjects (9ms)
		BackupInstance (0ms)
		ReleaseScriptingObjects (0ms)
		CreateAndSetChildDomain (53ms)
	RebuildCommonClasses (52ms)
	RebuildNativeTypeToScriptingClass (15ms)
	initialDomainReloadingComplete (36ms)
	LoadAllAssembliesAndSetupDomain (562ms)
		LoadAssemblies (601ms)
		RebuildTransferFunctionScriptingTraits (0ms)
		AnalyzeDomain (120ms)
			TypeCache.Refresh (6ms)
				TypeCache.ScanAssembly (0ms)
			BuildScriptInfoCaches (98ms)
			ResolveRequiredComponents (10ms)
	FinalizeReload (987ms)
		ReleaseScriptCaches (0ms)
		RebuildScriptCaches (0ms)
		SetupLoadedEditorAssemblies (775ms)
			LogAssemblyErrors (0ms)
			InitializePlatformSupportModulesInManaged (25ms)
			SetLoadedEditorAssemblies (7ms)
			BeforeProcessingInitializeOnLoad (171ms)
			ProcessInitializeOnLoadAttributes (502ms)
			ProcessInitializeOnLoadMethodAttributes (54ms)
			AfterProcessingInitializeOnLoad (16ms)
			EditorAssembliesLoaded (0ms)
		ExecutionOrderSort2 (0ms)
		AwakeInstancesAfterBackupRestoration (17ms)
WARNING: Shader Unsupported: 'Toon/Lit Outline' - All subshaders removed
WARNING: Shader Did you use #pragma only_renderers and omit this platform?
WARNING: Shader If subshaders removal was intentional, you may have forgotten turning Fallback off?
WARNING: Shader Unsupported: 'Toon/Lit Outline' - All subshaders removed
WARNING: Shader Did you use #pragma only_renderers and omit this platform?
WARNING: Shader If subshaders removal was intentional, you may have forgotten turning Fallback off?
WARNING: Shader Unsupported: 'Toon/Basic Outline' - All subshaders removed
WARNING: Shader Did you use #pragma only_renderers and omit this platform?
WARNING: Shader If subshaders removal was intentional, you may have forgotten turning Fallback off?
WARNING: Shader Unsupported: 'Toon/Basic Outline' - All subshaders removed
WARNING: Shader Did you use #pragma only_renderers and omit this platform?
WARNING: Shader If subshaders removal was intentional, you may have forgotten turning Fallback off?
Refreshing native plugins compatible for Editor in 1.70 ms, found 2 plugins.
Preloading 0 native plugins for Editor in 0.00 ms.
Unloading 2 Unused Serialized files (Serialized files now loaded: 0)
Unloading 2523 unused Assets / (1.0 MB). Loaded Objects now: 3285.
Memory consumption went from 91.1 MB to 90.1 MB.
Total: 9.194700 ms (FindLiveObjects: 0.424200 ms CreateObjectMapping: 0.330900 ms MarkObjects: 6.770500 ms  DeleteObjects: 1.667900 ms)

Prepare: number of updated asset objects reloaded= 0
========================================================================
Received Import Request.
  Time since last request: 333.318053 seconds.
  path: Assets/Art/TileSets/RPGW_AncientForest/Animated/tree3.png
  artifactKey: Guid(d0e4851b779ad914d973409e9c468bbb) Importer(815301076,1909f56bfc062723c751e8b465ee728b)
Start importing Assets/Art/TileSets/RPGW_AncientForest/Animated/tree3.png using Guid(d0e4851b779ad914d973409e9c468bbb) Importer(815301076,1909f56bfc062723c751e8b465ee728b) (PreviewImporter) -> (artifact id: 'a045781d2d6ffe47b1466201ad6702f4') in 0.1633091 seconds
Number of updated asset objects reloaded before import = 0Number of asset objects unloaded after import = 12

========================================================================
Received Import Request.
  Time since last request: 0.000032 seconds.
  path: Assets/Art/TileSets/Pixel Art Icon Pack - RPG/Texture/Weapon & Tool/Wooden Staff.png
  artifactKey: Guid(02ff976d39577774bb44b83610e61dec) Importer(815301076,1909f56bfc062723c751e8b465ee728b)
Start importing Assets/Art/TileSets/Pixel Art Icon Pack - RPG/Texture/Weapon & Tool/Wooden Staff.png using Guid(02ff976d39577774bb44b83610e61dec) Importer(815301076,1909f56bfc062723c751e8b465ee728b) (PreviewImporter) -> (artifact id: '75ef067b92e820a46ab23ce1626bafe7') in 0.026759 seconds
Number of updated asset objects reloaded before import = 0Number of asset objects unloaded after import = 3

========================================================================
Received Import Request.
  Time since last request: 0.000038 seconds.
  path: Assets/Art/TileSets/Pixel Art Icon Pack - RPG/Texture/Equipment/Wooden Armor.png
  artifactKey: Guid(541ae020fad5efc48a89a38c6218a601) Importer(815301076,1909f56bfc062723c751e8b465ee728b)
Start importing Assets/Art/TileSets/Pixel Art Icon Pack - RPG/Texture/Equipment/Wooden Armor.png using Guid(541ae020fad5efc48a89a38c6218a601) Importer(815301076,1909f56bfc062723c751e8b465ee728b) (PreviewImporter) -> (artifact id: '8e89e2825690e999eb9aabb4841599df') in 0.0213242 seconds
Number of updated asset objects reloaded before import = 0Number of asset objects unloaded after import = 3

========================================================================
Received Import Request.
  Time since last request: 0.000030 seconds.
  path: Assets/Art/TileSets/Pixel Art Icon Pack - RPG/Texture/Potion/Water Bottle.png
  artifactKey: Guid(3a481bc5b3972b54ab4918d5226622af) Importer(815301076,1909f56bfc062723c751e8b465ee728b)
Start importing Assets/Art/TileSets/Pixel Art Icon Pack - RPG/Texture/Potion/Water Bottle.png using Guid(3a481bc5b3972b54ab4918d5226622af) Importer(815301076,1909f56bfc062723c751e8b465ee728b) (PreviewImporter) -> (artifact id: '55ece3c7a311a9478abb44c77031f8df') in 0.0291951 seconds
Number of updated asset objects reloaded before import = 0Number of asset objects unloaded after import = 3

========================================================================
Received Import Request.
  Time since last request: 0.000033 seconds.
  path: Assets/Art/TileSets/Tiny RPG Forest/Artwork/Environment/sliced-objects/trunk.png
  artifactKey: Guid(606bc7833699b46bfb26e8141d2a64a7) Importer(815301076,1909f56bfc062723c751e8b465ee728b)
Start importing Assets/Art/TileSets/Tiny RPG Forest/Artwork/Environment/sliced-objects/trunk.png using Guid(606bc7833699b46bfb26e8141d2a64a7) Importer(815301076,1909f56bfc062723c751e8b465ee728b) (PreviewImporter) -> (artifact id: 'd642a4a2282336948fca7fa04f16b65a') in 0.0285999 seconds
Number of updated asset objects reloaded before import = 0Number of asset objects unloaded after import = 3

========================================================================
Received Import Request.
  Time since last request: 0.000028 seconds.
  path: Assets/Art/TileSets/Tiny RPG Forest/Artwork/Environment/waterfall animation/waterfall-3.png
  artifactKey: Guid(79830f9904f294b0985ee12dc19c5787) Importer(815301076,1909f56bfc062723c751e8b465ee728b)
Start importing Assets/Art/TileSets/Tiny RPG Forest/Artwork/Environment/waterfall animation/waterfall-3.png using Guid(79830f9904f294b0985ee12dc19c5787) Importer(815301076,1909f56bfc062723c751e8b465ee728b) (PreviewImporter) -> (artifact id: 'b4a7b4c418311641bb18fe03c5f351ab') in 0.0331418 seconds
Number of updated asset objects reloaded before import = 0Number of asset objects unloaded after import = 3

========================================================================
Received Import Request.
  Time since last request: 0.000021 seconds.
  path: Assets/Art/TileSets/Pixel Art Icon Pack - RPG/Texture/Food/Wine.png
  artifactKey: Guid(ea55e0ae186d59d41a0b270559045dd7) Importer(815301076,1909f56bfc062723c751e8b465ee728b)
Start importing Assets/Art/TileSets/Pixel Art Icon Pack - RPG/Texture/Food/Wine.png using Guid(ea55e0ae186d59d41a0b270559045dd7) Importer(815301076,1909f56bfc062723c751e8b465ee728b) (PreviewImporter) -> (artifact id: '23da9667aaf9172591154c4904390251') in 0.0204035 seconds
Number of updated asset objects reloaded before import = 0Number of asset objects unloaded after import = 3

========================================================================
Received Import Request.
  Time since last request: 0.000021 seconds.
  path: Assets/Art/TileSets/Pixel Art Icon Pack - RPG/Texture/Food/Wine 2.png
  artifactKey: Guid(d1b0810a7bee633469a729543f4e6659) Importer(815301076,1909f56bfc062723c751e8b465ee728b)
Start importing Assets/Art/TileSets/Pixel Art Icon Pack - RPG/Texture/Food/Wine 2.png using Guid(d1b0810a7bee633469a729543f4e6659) Importer(815301076,1909f56bfc062723c751e8b465ee728b) (PreviewImporter) -> (artifact id: '99e6ec2fe93799a4839b3674a43664bc') in 0.0291058 seconds
Number of updated asset objects reloaded before import = 0Number of asset objects unloaded after import = 3

Editor requested this worker to shutdown with reason: Scaling down because of idle timeout
AssetImportWorker is now disconnected from the server
Process exiting
Exiting without the bug reporter. Application will terminate with return code 0