Using pre-set license
Built from '6000.1/staging' branch; Version is '6000.1.1f1 (7197418f847b) revision 7444289'; Using compiler version '194234433'; Build Type 'Release'
OS: 'Windows 11  (10.0.27858) 64bit Core' Language: 'en' Physical Memory: 8102 MB
BatchMode: 1, IsHumanControllingUs: 0, StartBugReporterOnCrash: 0, Is64bit: 1, IsPro: 1
Date: 2025-05-22T06:49:28Z

COMMAND LINE ARGUMENTS:
C:\Program Files\Unity\Hub\Editor\6000.1.1f1\Editor\Unity.exe
-adb2
-batchMode
-noUpm
-name
AssetImportWorker6
-projectPath
C:/Users/james/OneDrive/Desktop/My Games/Monster_Town!
-logFile
Logs/AssetImportWorker6.log
-srvPort
50103
-job-worker-count
5
-background-job-worker-count
8
-gc-helper-count
1
-name
AssetImport
Successfully changed project path to: C:/Users/james/OneDrive/Desktop/My Games/Monster_Town!
C:/Users/james/OneDrive/Desktop/My Games/Monster_Town!
[UnityMemory] Configuration Parameters - Can be set up in boot.config
    "memorysetup-allocator-temp-initial-block-size-main=262144"
    "memorysetup-allocator-temp-initial-block-size-worker=262144"
    "memorysetup-bucket-allocator-granularity=16"
    "memorysetup-bucket-allocator-bucket-count=8"
    "memorysetup-bucket-allocator-block-size=33554432"
    "memorysetup-bucket-allocator-block-count=8"
    "memorysetup-main-allocator-block-size=16777216"
    "memorysetup-thread-allocator-block-size=16777216"
    "memorysetup-gfx-main-allocator-block-size=16777216"
    "memorysetup-gfx-thread-allocator-block-size=16777216"
    "memorysetup-cache-allocator-block-size=4194304"
    "memorysetup-typetree-allocator-block-size=2097152"
    "memorysetup-profiler-bucket-allocator-granularity=16"
    "memorysetup-profiler-bucket-allocator-bucket-count=8"
    "memorysetup-profiler-bucket-allocator-block-size=33554432"
    "memorysetup-profiler-bucket-allocator-block-count=8"
    "memorysetup-profiler-allocator-block-size=16777216"
    "memorysetup-profiler-editor-allocator-block-size=1048576"
    "memorysetup-temp-allocator-size-main=16777216"
    "memorysetup-job-temp-allocator-block-size=2097152"
    "memorysetup-job-temp-allocator-block-size-background=1048576"
    "memorysetup-job-temp-allocator-reduction-small-platforms=262144"
    "memorysetup-temp-allocator-size-background-worker=32768"
    "memorysetup-temp-allocator-size-job-worker=262144"
    "memorysetup-temp-allocator-size-preload-manager=33554432"
    "memorysetup-temp-allocator-size-nav-mesh-worker=65536"
    "memorysetup-temp-allocator-size-audio-worker=65536"
    "memorysetup-temp-allocator-size-cloud-worker=32768"
    "memorysetup-temp-allocator-size-gi-baking-worker=262144"
    "memorysetup-temp-allocator-size-gi-baking-worker=262144"
    "memorysetup-temp-allocator-size-gi-baking-worker=262144"
    "memorysetup-temp-allocator-size-gi-baking-worker=262144"
    "memorysetup-temp-allocator-size-gi-baking-worker=262144"
    "memorysetup-temp-allocator-size-gfx=262144"
Player connection [15272]  Target information:

Player connection [15272]  * "[IP] 192.168.0.24 [Port] 0 [Flags] 2 [Guid] 955122652 [EditorId] 955122652 [Version] 1048832 [Id] WindowsEditor(7,LAPTOP-DC3VDT48) [Debug] 1 [PackageName] WindowsEditor [ProjectName] Editor" 

Player connection [15272] Host joined multi-casting on [225.0.0.222:54997]...
Player connection [15272] Host joined alternative multi-casting on [225.0.0.222:34997]...
JobSystem: Creating JobQueue using job-worker-count value 5
Input System module state changed to: Initialized.
[Physics::Module] Initialized fallback backend.
[Physics::Module] Id: 0xdecafbad
Library Redirect Path: Library/
[Physics::Module] Selected backend.
[Physics::Module] Name: PhysX
[Physics::Module] Id: 0xf2b8ea05
[Physics::Module] SDK Version: 4.1.2
[Physics::Module] Integration Version: 1.0.0
[Physics::Module] Threading Mode: Multi-Threaded
Refreshing native plugins compatible for Editor in 1.71 ms, found 2 plugins.
Preloading 0 native plugins for Editor in 0.00 ms.
Initialize engine version: 6000.1.1f1 (7197418f847b)
[Subsystems] Discovering subsystems at path C:/Program Files/Unity/Hub/Editor/6000.1.1f1/Editor/Data/Resources/UnitySubsystems
[Subsystems] Discovering subsystems at path C:/Users/james/OneDrive/Desktop/My Games/Monster_Town!/Assets
GfxDevice: creating device client; kGfxThreadingModeNonThreaded
Direct3D:
    Version:  Direct3D 11.0 [level 11.1]
    Renderer: NVIDIA GeForce GTX 1650 (ID=0x1f91)
    Vendor:   NVIDIA
    VRAM:     3949 MB
    Driver:   31.0.15.3699
Initialize mono
Mono path[0] = 'C:/Program Files/Unity/Hub/Editor/6000.1.1f1/Editor/Data/Managed'
Mono path[1] = 'C:/Program Files/Unity/Hub/Editor/6000.1.1f1/Editor/Data/MonoBleedingEdge/lib/mono/unityjit-win32'
Mono config path = 'C:/Program Files/Unity/Hub/Editor/6000.1.1f1/Editor/Data/MonoBleedingEdge/etc'
Using monoOptions --debugger-agent=transport=dt_socket,embedding=1,server=y,suspend=n,address=127.0.0.1:56716
Begin MonoManager ReloadAssembly
Registering precompiled unity dll's ...
Register platform support module: C:/Program Files/Unity/Hub/Editor/6000.1.1f1/Editor/Data/PlaybackEngines/WebGLSupport/UnityEditor.WebGL.Extensions.dll
Register platform support module: C:/Program Files/Unity/Hub/Editor/6000.1.1f1/Editor/Data/PlaybackEngines/MacStandaloneSupport/UnityEditor.OSXStandalone.Extensions.dll
Register platform support module: C:/Program Files/Unity/Hub/Editor/6000.1.1f1/Editor/Data/PlaybackEngines/WindowsStandaloneSupport/UnityEditor.WindowsStandalone.Extensions.dll
Register platform support module: C:/Program Files/Unity/Hub/Editor/6000.1.1f1/Editor/Data/PlaybackEngines/MetroSupport/UnityEditor.UWP.Extensions.dll
Register platform support module: C:/Program Files/Unity/Hub/Editor/6000.1.1f1/Editor/Data/PlaybackEngines/LinuxStandaloneSupport/UnityEditor.LinuxStandalone.Extensions.dll
Registered in 0.006580 seconds.
- Loaded All Assemblies, in  0.489 seconds
Native extension for LinuxStandalone target not found
Native extension for UWP target not found
Native extension for WindowsStandalone target not found
Native extension for OSXStandalone target not found
Native extension for WebGL target not found
Mono: successfully reloaded assembly
- Finished resetting the current domain, in  0.451 seconds
Domain Reload Profiling: 935ms
	BeginReloadAssembly (167ms)
		ExecutionOrderSort (0ms)
		DisableScriptedObjects (0ms)
		BackupInstance (0ms)
		ReleaseScriptingObjects (0ms)
		CreateAndSetChildDomain (1ms)
	RebuildCommonClasses (44ms)
	RebuildNativeTypeToScriptingClass (14ms)
	initialDomainReloadingComplete (64ms)
	LoadAllAssembliesAndSetupDomain (195ms)
		LoadAssemblies (163ms)
		RebuildTransferFunctionScriptingTraits (0ms)
		AnalyzeDomain (190ms)
			TypeCache.Refresh (188ms)
				TypeCache.ScanAssembly (173ms)
			BuildScriptInfoCaches (0ms)
			ResolveRequiredComponents (1ms)
	FinalizeReload (452ms)
		ReleaseScriptCaches (0ms)
		RebuildScriptCaches (0ms)
		SetupLoadedEditorAssemblies (406ms)
			LogAssemblyErrors (0ms)
			InitializePlatformSupportModulesInManaged (114ms)
			SetLoadedEditorAssemblies (4ms)
			BeforeProcessingInitializeOnLoad (81ms)
			ProcessInitializeOnLoadAttributes (143ms)
			ProcessInitializeOnLoadMethodAttributes (64ms)
			AfterProcessingInitializeOnLoad (0ms)
			EditorAssembliesLoaded (0ms)
		ExecutionOrderSort2 (0ms)
		AwakeInstancesAfterBackupRestoration (0ms)
========================================================================
Worker process is ready to serve import requests
Import Worker Mode flag is 0x00
Begin MonoManager ReloadAssembly
- Loaded All Assemblies, in  0.689 seconds
Script 'CharacterController' has the same name as built-in Unity component.
AddComponent and GetComponent will not work with this script.
Refreshing native plugins compatible for Editor in 1.16 ms, found 2 plugins.
Native extension for LinuxStandalone target not found
Native extension for UWP target not found
Native extension for WindowsStandalone target not found
Native extension for OSXStandalone target not found
Native extension for WebGL target not found
Mono: successfully reloaded assembly
- Finished resetting the current domain, in  0.683 seconds
Domain Reload Profiling: 1364ms
	BeginReloadAssembly (202ms)
		ExecutionOrderSort (0ms)
		DisableScriptedObjects (7ms)
		BackupInstance (0ms)
		ReleaseScriptingObjects (0ms)
		CreateAndSetChildDomain (31ms)
	RebuildCommonClasses (43ms)
	RebuildNativeTypeToScriptingClass (17ms)
	initialDomainReloadingComplete (46ms)
	LoadAllAssembliesAndSetupDomain (372ms)
		LoadAssemblies (362ms)
		RebuildTransferFunctionScriptingTraits (0ms)
		AnalyzeDomain (134ms)
			TypeCache.Refresh (104ms)
				TypeCache.ScanAssembly (90ms)
			BuildScriptInfoCaches (22ms)
			ResolveRequiredComponents (5ms)
	FinalizeReload (684ms)
		ReleaseScriptCaches (0ms)
		RebuildScriptCaches (0ms)
		SetupLoadedEditorAssemblies (561ms)
			LogAssemblyErrors (0ms)
			InitializePlatformSupportModulesInManaged (21ms)
			SetLoadedEditorAssemblies (7ms)
			BeforeProcessingInitializeOnLoad (126ms)
			ProcessInitializeOnLoadAttributes (358ms)
			ProcessInitializeOnLoadMethodAttributes (37ms)
			AfterProcessingInitializeOnLoad (11ms)
			EditorAssembliesLoaded (0ms)
		ExecutionOrderSort2 (0ms)
		AwakeInstancesAfterBackupRestoration (11ms)
WARNING: Shader Unsupported: 'Toon/Lit Outline' - All subshaders removed
WARNING: Shader Did you use #pragma only_renderers and omit this platform?
WARNING: Shader If subshaders removal was intentional, you may have forgotten turning Fallback off?
WARNING: Shader Unsupported: 'Toon/Lit Outline' - All subshaders removed
WARNING: Shader Did you use #pragma only_renderers and omit this platform?
WARNING: Shader If subshaders removal was intentional, you may have forgotten turning Fallback off?
WARNING: Shader Unsupported: 'Toon/Basic Outline' - All subshaders removed
WARNING: Shader Did you use #pragma only_renderers and omit this platform?
WARNING: Shader If subshaders removal was intentional, you may have forgotten turning Fallback off?
WARNING: Shader Unsupported: 'Toon/Basic Outline' - All subshaders removed
WARNING: Shader Did you use #pragma only_renderers and omit this platform?
WARNING: Shader If subshaders removal was intentional, you may have forgotten turning Fallback off?
Launched and connected shader compiler UnityShaderCompiler.exe after 0.03 seconds
Refreshing native plugins compatible for Editor in 15.00 ms, found 2 plugins.
Preloading 0 native plugins for Editor in 0.00 ms.
Unloading 44 Unused Serialized files (Serialized files now loaded: 0)
Unloading 2525 unused Assets / (1.1 MB). Loaded Objects now: 3096.
Memory consumption went from 100.8 MB to 99.7 MB.
Total: 9.324100 ms (FindLiveObjects: 0.791700 ms CreateObjectMapping: 0.646000 ms MarkObjects: 6.502400 ms  DeleteObjects: 1.382800 ms)

========================================================================
Received Import Request.
  Time since last request: 7117.922325 seconds.
  path: Assets/Art/StoneUI/OtherUI_4k+/button15.png
  artifactKey: Guid(a1d6e4aba2985c24dae1a9d268489353) Importer(815301076,1909f56bfc062723c751e8b465ee728b)
Start importing Assets/Art/StoneUI/OtherUI_4k+/button15.png using Guid(a1d6e4aba2985c24dae1a9d268489353) Importer(815301076,1909f56bfc062723c751e8b465ee728b) (PreviewImporter) -> (artifact id: '5f0b05845dda06117ed33e83c7aa4ba5') in 0.155234 seconds
Number of updated asset objects reloaded before import = 0Number of asset objects unloaded after import = 3

========================================================================
Received Import Request.
  Time since last request: 0.357820 seconds.
  path: Assets/Art/StoneUI/OtherUI_4k+/button29.png
  artifactKey: Guid(4e3834b121c1c874b8f88aa49931114f) Importer(815301076,1909f56bfc062723c751e8b465ee728b)
Start importing Assets/Art/StoneUI/OtherUI_4k+/button29.png using Guid(4e3834b121c1c874b8f88aa49931114f) Importer(815301076,1909f56bfc062723c751e8b465ee728b) (PreviewImporter) -> (artifact id: '89a8a227074306849612ab0925019056') in 0.0265207 seconds
Number of updated asset objects reloaded before import = 0Number of asset objects unloaded after import = 3

========================================================================
Received Import Request.
  Time since last request: 0.010551 seconds.
  path: Assets/Art/StoneUI/OtherUI_4k+/button32.png
  artifactKey: Guid(dda79a59008296543a882307142315be) Importer(815301076,1909f56bfc062723c751e8b465ee728b)
Start importing Assets/Art/StoneUI/OtherUI_4k+/button32.png using Guid(dda79a59008296543a882307142315be) Importer(815301076,1909f56bfc062723c751e8b465ee728b) (PreviewImporter) -> (artifact id: '3b09cca0cb2ba7cf10955e2f81394489') in 0.0269308 seconds
Number of updated asset objects reloaded before import = 0Number of asset objects unloaded after import = 3

========================================================================
Received Import Request.
  Time since last request: 0.008333 seconds.
  path: Assets/Art/StoneUI/OtherUI_4k+/button35.png
  artifactKey: Guid(8c64cea1763634e478424c073dcfc414) Importer(815301076,1909f56bfc062723c751e8b465ee728b)
Start importing Assets/Art/StoneUI/OtherUI_4k+/button35.png using Guid(8c64cea1763634e478424c073dcfc414) Importer(815301076,1909f56bfc062723c751e8b465ee728b) (PreviewImporter) -> (artifact id: 'cadb2e0008d9a18d73ca17a39cf9766e') in 0.028593 seconds
Number of updated asset objects reloaded before import = 0Number of asset objects unloaded after import = 3

========================================================================
Received Import Request.
  Time since last request: 0.026398 seconds.
  path: Assets/Art/StoneUI/OtherUI_4k+/button38.png
  artifactKey: Guid(476e143a9b3657345940bbc73c1a671e) Importer(815301076,1909f56bfc062723c751e8b465ee728b)
Start importing Assets/Art/StoneUI/OtherUI_4k+/button38.png using Guid(476e143a9b3657345940bbc73c1a671e) Importer(815301076,1909f56bfc062723c751e8b465ee728b) (PreviewImporter) -> (artifact id: 'edc9313087f5b3fe9e4fad67954fc3a4') in 0.0215182 seconds
Number of updated asset objects reloaded before import = 0Number of asset objects unloaded after import = 3

========================================================================
Received Import Request.
  Time since last request: 0.005796 seconds.
  path: Assets/Art/StoneUI/OtherUI_4k+/button41.png
  artifactKey: Guid(70e1d3b938b0ad144a50c84b639baaa0) Importer(815301076,1909f56bfc062723c751e8b465ee728b)
Start importing Assets/Art/StoneUI/OtherUI_4k+/button41.png using Guid(70e1d3b938b0ad144a50c84b639baaa0) Importer(815301076,1909f56bfc062723c751e8b465ee728b) (PreviewImporter) -> (artifact id: '925c7a3c8ec9230e3ec05f55564d55bf') in 0.0248919 seconds
Number of updated asset objects reloaded before import = 0Number of asset objects unloaded after import = 3

========================================================================
Received Import Request.
  Time since last request: 0.006067 seconds.
  path: Assets/Art/StoneUI/OtherUI_4k+/button44.png
  artifactKey: Guid(d5eb8ed269db47d41a3fb9ed88134ce8) Importer(815301076,1909f56bfc062723c751e8b465ee728b)
Start importing Assets/Art/StoneUI/OtherUI_4k+/button44.png using Guid(d5eb8ed269db47d41a3fb9ed88134ce8) Importer(815301076,1909f56bfc062723c751e8b465ee728b) (PreviewImporter) -> (artifact id: '906647b67677bf7554226d0df30908f3') in 0.0213245 seconds
Number of updated asset objects reloaded before import = 0Number of asset objects unloaded after import = 3

========================================================================
Received Import Request.
  Time since last request: 0.016909 seconds.
  path: Assets/Art/StoneUI/OtherUI_4k+/button48.png
  artifactKey: Guid(f1c38c91a49633b4494b375416eb64cf) Importer(815301076,1909f56bfc062723c751e8b465ee728b)
Start importing Assets/Art/StoneUI/OtherUI_4k+/button48.png using Guid(f1c38c91a49633b4494b375416eb64cf) Importer(815301076,1909f56bfc062723c751e8b465ee728b) (PreviewImporter) -> (artifact id: 'f1ea82551f20f293dcb9b15c049c12b8') in 0.0192081 seconds
Number of updated asset objects reloaded before import = 0Number of asset objects unloaded after import = 3

========================================================================
Received Import Request.
  Time since last request: 0.005858 seconds.
  path: Assets/Art/StoneUI/OtherUI_4k+/button51.png
  artifactKey: Guid(63378d5b7a54baf4cb96f18a10a99b41) Importer(815301076,1909f56bfc062723c751e8b465ee728b)
Start importing Assets/Art/StoneUI/OtherUI_4k+/button51.png using Guid(63378d5b7a54baf4cb96f18a10a99b41) Importer(815301076,1909f56bfc062723c751e8b465ee728b) (PreviewImporter) -> (artifact id: '407fb71f26e9d7ad87bf1bc60917fea8') in 0.0209549 seconds
Number of updated asset objects reloaded before import = 0Number of asset objects unloaded after import = 3

========================================================================
Received Import Request.
  Time since last request: 0.008243 seconds.
  path: Assets/Art/StoneUI/OtherUI_4k+/button54.png
  artifactKey: Guid(68f524515f5d5d749b94a6d6460c61a3) Importer(815301076,1909f56bfc062723c751e8b465ee728b)
Start importing Assets/Art/StoneUI/OtherUI_4k+/button54.png using Guid(68f524515f5d5d749b94a6d6460c61a3) Importer(815301076,1909f56bfc062723c751e8b465ee728b) (PreviewImporter) -> (artifact id: '5abbfe74485ec6675efbac5a9af514d4') in 0.0296689 seconds
Number of updated asset objects reloaded before import = 0Number of asset objects unloaded after import = 3

========================================================================
Received Import Request.
  Time since last request: 0.429324 seconds.
  path: Assets/Art/StoneUI/OtherUI_4k+/button56.png
  artifactKey: Guid(12f88edb1a122d042b4b8e1e96dd285c) Importer(815301076,1909f56bfc062723c751e8b465ee728b)
Start importing Assets/Art/StoneUI/OtherUI_4k+/button56.png using Guid(12f88edb1a122d042b4b8e1e96dd285c) Importer(815301076,1909f56bfc062723c751e8b465ee728b) (PreviewImporter) -> (artifact id: '504bc000963fa373af28013e178981ba') in 0.1393858 seconds
Number of updated asset objects reloaded before import = 0Number of asset objects unloaded after import = 3

========================================================================
Received Import Request.
  Time since last request: 0.064259 seconds.
  path: Assets/Art/StoneUI/OtherUI_4k+/button64.png
  artifactKey: Guid(099e8a99eb303b1459be1d8252110324) Importer(815301076,1909f56bfc062723c751e8b465ee728b)
Start importing Assets/Art/StoneUI/OtherUI_4k+/button64.png using Guid(099e8a99eb303b1459be1d8252110324) Importer(815301076,1909f56bfc062723c751e8b465ee728b) (PreviewImporter) -> (artifact id: 'e93141a080067d159302f8f4dccc9afb') in 0.0210842 seconds
Number of updated asset objects reloaded before import = 0Number of asset objects unloaded after import = 3

========================================================================
Received Import Request.
  Time since last request: 0.004451 seconds.
  path: Assets/Art/StoneUI/OtherUI_4k+/button66.png
  artifactKey: Guid(230a918db7b6fac49a2ebf0db704f3e9) Importer(815301076,1909f56bfc062723c751e8b465ee728b)
Start importing Assets/Art/StoneUI/OtherUI_4k+/button66.png using Guid(230a918db7b6fac49a2ebf0db704f3e9) Importer(815301076,1909f56bfc062723c751e8b465ee728b) (PreviewImporter) -> (artifact id: '745364a9b1c8fffbaa0068b8494e85a1') in 0.0223548 seconds
Number of updated asset objects reloaded before import = 0Number of asset objects unloaded after import = 3

========================================================================
Received Import Request.
  Time since last request: 0.004326 seconds.
  path: Assets/Art/StoneUI/OtherUI_4k+/button69.png
  artifactKey: Guid(b337b0b0c914bc94a814ea0626906e0e) Importer(815301076,1909f56bfc062723c751e8b465ee728b)
Start importing Assets/Art/StoneUI/OtherUI_4k+/button69.png using Guid(b337b0b0c914bc94a814ea0626906e0e) Importer(815301076,1909f56bfc062723c751e8b465ee728b) (PreviewImporter) -> (artifact id: '69c0a1f0406b521a74632e9382472e0e') in 0.0221366 seconds
Number of updated asset objects reloaded before import = 0Number of asset objects unloaded after import = 3

========================================================================
Received Import Request.
  Time since last request: 0.003879 seconds.
  path: Assets/Art/StoneUI/OtherUI_4k+/button72.png
  artifactKey: Guid(340c29d89b04caa4083b513868cf570a) Importer(815301076,1909f56bfc062723c751e8b465ee728b)
Start importing Assets/Art/StoneUI/OtherUI_4k+/button72.png using Guid(340c29d89b04caa4083b513868cf570a) Importer(815301076,1909f56bfc062723c751e8b465ee728b) (PreviewImporter) -> (artifact id: '8e37f97de9e5eaf8391bb1c52a20c0b1') in 0.0262812 seconds
Number of updated asset objects reloaded before import = 0Number of asset objects unloaded after import = 3

========================================================================
Received Import Request.
  Time since last request: 0.433271 seconds.
  path: Assets/Art/StoneUI/OtherUI_4k+/button74.png
  artifactKey: Guid(ceb12dee810207a44b1d10a28cb227f8) Importer(815301076,1909f56bfc062723c751e8b465ee728b)
Start importing Assets/Art/StoneUI/OtherUI_4k+/button74.png using Guid(ceb12dee810207a44b1d10a28cb227f8) Importer(815301076,1909f56bfc062723c751e8b465ee728b) (PreviewImporter) -> (artifact id: '17f1d6732bebed2fd75b85fbf6c74026') in 0.0233665 seconds
Number of updated asset objects reloaded before import = 0Number of asset objects unloaded after import = 3

========================================================================
Received Import Request.
  Time since last request: 0.005717 seconds.
  path: Assets/Art/StoneUI/OtherUI_4k+/button77.png
  artifactKey: Guid(6f36eb2e69399514d95b0e397f1bef04) Importer(815301076,1909f56bfc062723c751e8b465ee728b)
Start importing Assets/Art/StoneUI/OtherUI_4k+/button77.png using Guid(6f36eb2e69399514d95b0e397f1bef04) Importer(815301076,1909f56bfc062723c751e8b465ee728b) (PreviewImporter) -> (artifact id: 'a031264aa1d0343a8e9de7aeeab20ecb') in 0.0233109 seconds
Number of updated asset objects reloaded before import = 0Number of asset objects unloaded after import = 3

========================================================================
Received Import Request.
  Time since last request: 0.006363 seconds.
  path: Assets/Art/StoneUI/OtherUI_4k+/button80.png
  artifactKey: Guid(8da3204a20d28db4baa82ba4993bcf4b) Importer(815301076,1909f56bfc062723c751e8b465ee728b)
Start importing Assets/Art/StoneUI/OtherUI_4k+/button80.png using Guid(8da3204a20d28db4baa82ba4993bcf4b) Importer(815301076,1909f56bfc062723c751e8b465ee728b) (PreviewImporter) -> (artifact id: '28655b19da012101c1dd442a2dbc4dc9') in 0.0271725 seconds
Number of updated asset objects reloaded before import = 0Number of asset objects unloaded after import = 3

========================================================================
Received Import Request.
  Time since last request: 0.026295 seconds.
  path: Assets/Art/StoneUI/OtherUI_4k+/button83.png
  artifactKey: Guid(33ae648e352d79b4192896139b6f81f7) Importer(815301076,1909f56bfc062723c751e8b465ee728b)
Start importing Assets/Art/StoneUI/OtherUI_4k+/button83.png using Guid(33ae648e352d79b4192896139b6f81f7) Importer(815301076,1909f56bfc062723c751e8b465ee728b) (PreviewImporter) -> (artifact id: 'b78f113f18201a4159bb45013d64c461') in 0.0204171 seconds
Number of updated asset objects reloaded before import = 0Number of asset objects unloaded after import = 3

========================================================================
Received Import Request.
  Time since last request: 0.005606 seconds.
  path: Assets/Art/StoneUI/OtherUI_4k+/button86.png
  artifactKey: Guid(2b99ad0b0e518bd4cbc793c7f510c565) Importer(815301076,1909f56bfc062723c751e8b465ee728b)
Start importing Assets/Art/StoneUI/OtherUI_4k+/button86.png using Guid(2b99ad0b0e518bd4cbc793c7f510c565) Importer(815301076,1909f56bfc062723c751e8b465ee728b) (PreviewImporter) -> (artifact id: '735f5a1499f33e1620df24998f1ba507') in 0.0216055 seconds
Number of updated asset objects reloaded before import = 0Number of asset objects unloaded after import = 3

========================================================================
Received Import Request.
  Time since last request: 0.005132 seconds.
  path: Assets/Art/StoneUI/OtherUI_4k+/button89.png
  artifactKey: Guid(669d633372178434d89ac9a65b513fe8) Importer(815301076,1909f56bfc062723c751e8b465ee728b)
Start importing Assets/Art/StoneUI/OtherUI_4k+/button89.png using Guid(669d633372178434d89ac9a65b513fe8) Importer(815301076,1909f56bfc062723c751e8b465ee728b) (PreviewImporter) -> (artifact id: '6ce9814e355190f826251225da27ef08') in 0.0245603 seconds
Number of updated asset objects reloaded before import = 0Number of asset objects unloaded after import = 3

========================================================================
Received Import Request.
  Time since last request: 0.006070 seconds.
  path: Assets/Art/StoneUI/OtherUI_4k+/button93.png
  artifactKey: Guid(6a6e0e58f410e5549913e092c9eb1414) Importer(815301076,1909f56bfc062723c751e8b465ee728b)
Start importing Assets/Art/StoneUI/OtherUI_4k+/button93.png using Guid(6a6e0e58f410e5549913e092c9eb1414) Importer(815301076,1909f56bfc062723c751e8b465ee728b) (PreviewImporter) -> (artifact id: '341391e2b658ca490221dc22e0b2fdc2') in 0.0193858 seconds
Number of updated asset objects reloaded before import = 0Number of asset objects unloaded after import = 3

Editor requested this worker to shutdown with reason: Scaling down because of idle timeout
AssetImportWorker is now disconnected from the server
Process exiting
Exiting without the bug reporter. Application will terminate with return code 0